usage: conda create [-h] [--clone ENV] (-n ENVIRONMENT | -p PATH) [-c CHANNEL]
                    [--use-local] [--override-channels]
                    [--repodata-fn REPODATA_FNS] [--strict-channel-priority]
                    [--no-channel-priority] [--no-deps | --only-deps]
                    [--no-pin] [--copy] [-C] [-k] [--offline] [-d] [--json]
                    [-q] [-v] [-y] [--download-only] [--show-channel-urls]
                    [--file FILE] [--no-default-packages]
                    [--solver {classic} | --experimental-solver {classic}]
                    [--dev]
                    [package_spec ...]
conda create: error: one of the arguments -n/--name -p/--prefix is required
Defaulting to user installation because normal site-packages is not writeable
Requirement already satisfied: qiskit-aer-gpu in /home/gharrabi/.local/lib/python3.10/site-packages (0.14.2)
Requirement already satisfied: numpy>=1.16.3 in /home/gharrabi/.local/lib/python3.10/site-packages (from qiskit-aer-gpu) (1.26.4)
Requirement already satisfied: psutil>=5 in /home/gharrabi/.local/lib/python3.10/site-packages (from qiskit-aer-gpu) (5.9.8)
Requirement already satisfied: nvidia-nvjitlink-cu12 in /home/gharrabi/.local/lib/python3.10/site-packages (from qiskit-aer-gpu) (12.5.40)
Requirement already satisfied: nvidia-cusparse-cu12>=12.1.0.106 in /home/gharrabi/.local/lib/python3.10/site-packages (from qiskit-aer-gpu) (12.4.1.24)
Requirement already satisfied: nvidia-cusolver-cu12>=11.4.5.107 in /home/gharrabi/.local/lib/python3.10/site-packages (from qiskit-aer-gpu) (11.6.2.40)
Requirement already satisfied: qiskit>=0.45.2 in /home/gharrabi/.local/lib/python3.10/site-packages (from qiskit-aer-gpu) (1.1.0)
Requirement already satisfied: nvidia-cuda-runtime-cu12>=12.1.105 in /home/gharrabi/.local/lib/python3.10/site-packages (from qiskit-aer-gpu) (12.5.39)
Requirement already satisfied: scipy>=1.0 in /home/gharrabi/.local/lib/python3.10/site-packages (from qiskit-aer-gpu) (1.13.1)
Requirement already satisfied: cuquantum-cu12>=23.3.0 in /home/gharrabi/.local/lib/python3.10/site-packages (from qiskit-aer-gpu) (24.3.0.post1)
Requirement already satisfied: nvidia-cublas-cu12>=12.1.3.1 in /home/gharrabi/.local/lib/python3.10/site-packages (from qiskit-aer-gpu) (12.5.2.13)
Requirement already satisfied: cutensornet-cu12==2.4.0.post1 in /home/gharrabi/.local/lib/python3.10/site-packages (from cuquantum-cu12>=23.3.0->qiskit-aer-gpu) (2.4.0.post1)
Requirement already satisfied: custatevec-cu12==1.6.0.post1 in /home/gharrabi/.local/lib/python3.10/site-packages (from cuquantum-cu12>=23.3.0->qiskit-aer-gpu) (1.6.0.post1)
Requirement already satisfied: cutensor-cu12<3,>=2.0.1 in /home/gharrabi/.local/lib/python3.10/site-packages (from cutensornet-cu12==2.4.0.post1->cuquantum-cu12>=23.3.0->qiskit-aer-gpu) (2.0.1)
Requirement already satisfied: python-dateutil>=2.8.0 in /home/gharrabi/.local/lib/python3.10/site-packages (from qiskit>=0.45.2->qiskit-aer-gpu) (2.9.0.post0)
Requirement already satisfied: dill>=0.3 in /home/gharrabi/.local/lib/python3.10/site-packages (from qiskit>=0.45.2->qiskit-aer-gpu) (0.3.8)
Requirement already satisfied: stevedore>=3.0.0 in /home/gharrabi/.local/lib/python3.10/site-packages (from qiskit>=0.45.2->qiskit-aer-gpu) (5.2.0)
Requirement already satisfied: sympy>=1.3 in /home/gharrabi/.local/lib/python3.10/site-packages (from qiskit>=0.45.2->qiskit-aer-gpu) (1.12.1)
Requirement already satisfied: symengine>=0.11 in /home/gharrabi/.local/lib/python3.10/site-packages (from qiskit>=0.45.2->qiskit-aer-gpu) (0.11.0)
Requirement already satisfied: typing-extensions in /home/gharrabi/.local/lib/python3.10/site-packages (from qiskit>=0.45.2->qiskit-aer-gpu) (4.12.2)
Requirement already satisfied: rustworkx>=0.14.0 in /home/gharrabi/.local/lib/python3.10/site-packages (from qiskit>=0.45.2->qiskit-aer-gpu) (0.14.2)
Requirement already satisfied: six>=1.5 in /home/gharrabi/.local/lib/python3.10/site-packages (from python-dateutil>=2.8.0->qiskit>=0.45.2->qiskit-aer-gpu) (1.16.0)
Requirement already satisfied: pbr!=2.1.0,>=2.0.0 in /home/gharrabi/.local/lib/python3.10/site-packages (from stevedore>=3.0.0->qiskit>=0.45.2->qiskit-aer-gpu) (6.0.0)
Requirement already satisfied: mpmath<1.4.0,>=1.1.0 in /home/gharrabi/.local/lib/python3.10/site-packages (from sympy>=1.3->qiskit>=0.45.2->qiskit-aer-gpu) (1.3.0)
            ┌───┐                 ┌───┐      ┌───┐                         »
    q_0: ───┤ H ├────────■────────┤ H ├──────┤ H ├─────────────────────────»
         ┌──┴───┴──┐     │        └───┘   ┌──┴───┴──┐           ┌─────────┐»
    q_1: ┤ Rx(0.5) ├─────┼──────────■─────┤ Rx(0.5) ├─────■─────┤ Rx(0.5) ├»
         ├─────────┤   ┌─┴─┐        │     ├─────────┤     │     └─────────┘»
    q_2: ┤ Rz(1.2) ├───┤ X ├────────┼─────┤ Rz(1.2) ├─────┼──────────■─────»
         ├─────────┤   └───┘      ┌─┴─┐   ├─────────┤   ┌─┴─┐        │     »
    q_3: ┤ Ry(0.3) ├──────────────┤ X ├───┤ Ry(0.3) ├───┤ X ├────────┼─────»
         ├─────────┤┌─────────┐   └───┘   └─────────┘   └───┘      ┌─┴─┐   »
    q_4: ┤ Rx(0.8) ├┤ Rx(0.8) ├────────────────────────────────────┤ X ├───»
         └──┬───┬──┘└──┬───┬──┘   ┌───┐      ┌───┐      ┌───┐      ├───┤   »
    q_5: ───┤ H ├──────┤ H ├──────┤ H ├──────┤ H ├──────┤ H ├──────┤ H ├───»
         ┌──┴───┴──┐┌──┴───┴──┐┌──┴───┴──┐┌──┴───┴──┐┌──┴───┴──┐┌──┴───┴──┐»
    q_6: ┤ Rx(1.1) ├┤ Rx(1.1) ├┤ Rx(1.1) ├┤ Rx(1.1) ├┤ Rx(1.1) ├┤ Rx(1.1) ├»
         ├─────────┤├─────────┤├─────────┤├─────────┤├─────────┤├─────────┤»
    q_7: ┤ Rz(0.9) ├┤ Rz(0.9) ├┤ Rz(0.9) ├┤ Rz(0.9) ├┤ Rz(0.9) ├┤ Rz(0.9) ├»
         ├─────────┤├─────────┤├─────────┤├─────────┤├─────────┤├─────────┤»
    q_8: ┤ Ry(0.4) ├┤ Ry(0.4) ├┤ Ry(0.4) ├┤ Ry(0.4) ├┤ Ry(0.4) ├┤ Ry(0.4) ├»
         ├─────────┤├─────────┤├─────────┤├─────────┤├─────────┤├─────────┤»
    q_9: ┤ Rx(0.7) ├┤ Rx(0.7) ├┤ Rx(0.7) ├┤ Rx(0.7) ├┤ Rx(0.7) ├┤ Rx(0.7) ├»
         └──┬───┬──┘└──┬───┬──┘└──┬───┬──┘└──┬───┬──┘└──┬───┬──┘└──┬───┬──┘»
   q_10: ───┤ H ├──────┤ H ├──────┤ H ├──────┤ H ├──────┤ H ├──────┤ H ├───»
         ┌──┴───┴──┐┌──┴───┴──┐┌──┴───┴──┐┌──┴───┴──┐┌──┴───┴──┐┌──┴───┴──┐»
   q_11: ┤ Rx(0.6) ├┤ Rx(0.6) ├┤ Rx(0.6) ├┤ Rx(0.6) ├┤ Rx(0.6) ├┤ Rx(0.6) ├»
         ├─────────┤├─────────┤├─────────┤├─────────┤├─────────┤├─────────┤»
   q_12: ┤ Rz(1.1) ├┤ Rz(1.1) ├┤ Rz(1.1) ├┤ Rz(1.1) ├┤ Rz(1.1) ├┤ Rz(1.1) ├»
         ├─────────┤├─────────┤├─────────┤├─────────┤├─────────┤├─────────┤»
   q_13: ┤ Ry(0.2) ├┤ Ry(0.2) ├┤ Ry(0.2) ├┤ Ry(0.2) ├┤ Ry(0.2) ├┤ Ry(0.2) ├»
         ├─────────┤├─────────┤├─────────┤├─────────┤├─────────┤├─────────┤»
   q_14: ┤ Rx(0.9) ├┤ Rx(0.9) ├┤ Rx(0.9) ├┤ Rx(0.9) ├┤ Rx(0.9) ├┤ Rx(0.9) ├»
         └──┬───┬──┘└──┬───┬──┘└──┬───┬──┘└──┬───┬──┘└──┬───┬──┘└──┬───┬──┘»
   q_15: ───┤ H ├──────┤ H ├──────┤ H ├──────┤ H ├──────┤ H ├──────┤ H ├───»
         ┌──┴───┴──┐┌──┴───┴──┐┌──┴───┴──┐┌──┴───┴──┐┌──┴───┴──┐┌──┴───┴──┐»
   q_16: ┤ Rx(1.2) ├┤ Rx(1.2) ├┤ Rx(1.2) ├┤ Rx(1.2) ├┤ Rx(1.2) ├┤ Rx(1.2) ├»
         ├─────────┤├─────────┤├─────────┤├─────────┤├─────────┤├─────────┤»
   q_17: ┤ Rz(0.8) ├┤ Rz(0.8) ├┤ Rz(0.8) ├┤ Rz(0.8) ├┤ Rz(0.8) ├┤ Rz(0.8) ├»
         ├─────────┤├─────────┤├─────────┤├─────────┤├─────────┤├─────────┤»
   q_18: ┤ Ry(0.5) ├┤ Ry(0.5) ├┤ Ry(0.5) ├┤ Ry(0.5) ├┤ Ry(0.5) ├┤ Ry(0.5) ├»
         ├─────────┤├─────────┤├─────────┤├─────────┤├─────────┤├─────────┤»
   q_19: ┤ Rx(0.4) ├┤ Rx(0.4) ├┤ Rx(0.4) ├┤ Rx(0.4) ├┤ Rx(0.4) ├┤ Rx(0.4) ├»
         └──┬───┬──┘└──┬───┬──┘└──┬───┬──┘└──┬───┬──┘└──┬───┬──┘└──┬───┬──┘»
   q_20: ───┤ H ├──────┤ H ├──────┤ H ├──────┤ H ├──────┤ H ├──────┤ H ├───»
         ┌──┴───┴──┐┌──┴───┴──┐┌──┴───┴──┐┌──┴───┴──┐┌──┴───┴──┐┌──┴───┴──┐»
   q_21: ┤ Rx(0.3) ├┤ Rx(0.3) ├┤ Rx(0.3) ├┤ Rx(0.3) ├┤ Rx(0.3) ├┤ Rx(0.3) ├»
         ├─────────┤├─────────┤├─────────┤├─────────┤├─────────┤├─────────┤»
   q_22: ┤ Rz(1.4) ├┤ Rz(1.4) ├┤ Rz(1.4) ├┤ Rz(1.4) ├┤ Rz(1.4) ├┤ Rz(1.4) ├»
         └─────────┘└─────────┘└─────────┘└─────────┘└─────────┘└─────────┘»
   q_23: ──────────────────────────────────────────────────────────────────»
                                                                           »
   q_24: ──────────────────────────────────────────────────────────────────»
                                                                           »
   q_25: ──────────────────────────────────────────────────────────────────»
                                                                           »
   q_26: ──────────────────────────────────────────────────────────────────»
                                                                           »
   q_27: ──────────────────────────────────────────────────────────────────»
         ┌─────────┐┌─────────┐┌─────────┐┌─────────┐┌─────────┐┌─────────┐»
   q_28: ┤ Ry(0.7) ├┤ Ry(0.7) ├┤ Ry(0.7) ├┤ Ry(0.7) ├┤ Ry(0.7) ├┤ Ry(0.7) ├»
         ├─────────┤├─────────┤├─────────┤├─────────┤├─────────┤├─────────┤»
   q_29: ┤ Rx(0.1) ├┤ Rx(0.1) ├┤ Rx(0.1) ├┤ Rx(0.1) ├┤ Rx(0.1) ├┤ Rx(0.1) ├»
         └─────────┘└─────────┘└─────────┘└─────────┘└─────────┘└─────────┘»
meas: 30/══════════════════════════════════════════════════════════════════»
                                                                           »
«                               ┌───┐   ┌───┐                              »
«    q_0: ────────────────■─────┤ H ├───┤ H ├──────────────────────────────»
«                         │     └───┘┌──┴───┴──┐     ┌─────────┐           »
«    q_1: ────────────────┼───────■──┤ Rx(0.5) ├──■──┤ Rx(0.5) ├───────────»
«         ┌─────────┐   ┌─┴─┐     │  ├─────────┤  │  └─────────┘┌─────────┐»
«    q_2: ┤ Rz(1.2) ├───┤ X ├─────┼──┤ Rz(1.2) ├──┼───────■─────┤ Rz(1.2) ├»
«         ├─────────┤   └───┘   ┌─┴─┐├─────────┤┌─┴─┐     │     ├─────────┤»
«    q_3: ┤ Ry(0.3) ├───────────┤ X ├┤ Ry(0.3) ├┤ X ├─────┼─────┤ Ry(0.3) ├»
«         ├─────────┤┌─────────┐└───┘└─────────┘└───┘   ┌─┴─┐   ├─────────┤»
«    q_4: ┤ Rx(0.8) ├┤ Rx(0.8) ├────────────────────────┤ X ├───┤ Rx(0.8) ├»
«         └──┬───┬──┘└─────────┘                        └───┘   └─────────┘»
«    q_5: ───┤ H ├─────────────────────────────────────────────────────────»
«         ┌──┴───┴──┐                                                      »
«    q_6: ┤ Rx(1.1) ├──────────────────────────────────────────────────────»
«         ├─────────┤                                                      »
«    q_7: ┤ Rz(0.9) ├──────────────────────────────────────────────────────»
«         ├─────────┤                                                      »
«    q_8: ┤ Ry(0.4) ├──────────────────────────────────────────────────────»
«         ├─────────┤                                                      »
«    q_9: ┤ Rx(0.7) ├──────────────────────────────────────────────────────»
«         └──┬───┬──┘                                                      »
«   q_10: ───┤ H ├─────────────────────────────────────────────────────────»
«         ┌──┴───┴──┐                                                      »
«   q_11: ┤ Rx(0.6) ├──────────────────────────────────────────────────────»
«         ├─────────┤                                                      »
«   q_12: ┤ Rz(1.1) ├──────────────────────────────────────────────────────»
«         ├─────────┤                                                      »
«   q_13: ┤ Ry(0.2) ├──────────────────────────────────────────────────────»
«         ├─────────┤                                                      »
«   q_14: ┤ Rx(0.9) ├──────────────────────────────────────────────────────»
«         └──┬───┬──┘                                                      »
«   q_15: ───┤ H ├─────────────────────────────────────────────────────────»
«         ┌──┴───┴──┐                                                      »
«   q_16: ┤ Rx(1.2) ├──────────────────────────────────────────────────────»
«         ├─────────┤                                                      »
«   q_17: ┤ Rz(0.8) ├──────────────────────────────────────────────────────»
«         ├─────────┤                                                      »
«   q_18: ┤ Ry(0.5) ├──────────────────────────────────────────────────────»
«         ├─────────┤                                                      »
«   q_19: ┤ Rx(0.4) ├──────────────────────────────────────────────────────»
«         └──┬───┬──┘                                                      »
«   q_20: ───┤ H ├─────────────────────────────────────────────────────────»
«         ┌──┴───┴──┐                                                      »
«   q_21: ┤ Rx(0.3) ├──────────────────────────────────────────────────────»
«         ├─────────┤                                                      »
«   q_22: ┤ Rz(1.4) ├──────────────────────────────────────────────────────»
«         └─────────┘                                                      »
«   q_23: ─────────────────────────────────────────────────────────────────»
«                                                                          »
«   q_24: ─────────────────────────────────────────────────────────────────»
«                                                                          »
«   q_25: ─────────────────────────────────────────────────────────────────»
«                                                                          »
«   q_26: ─────────────────────────────────────────────────────────────────»
«                                                                          »
«   q_27: ─────────────────────────────────────────────────────────────────»
«         ┌─────────┐                                                      »
«   q_28: ┤ Ry(0.7) ├──────────────────────────────────────────────────────»
«         ├─────────┤                                                      »
«   q_29: ┤ Rx(0.1) ├──────────────────────────────────────────────────────»
«         └─────────┘                                                      »
«meas: 30/═════════════════════════════════════════════════════════════════»
«                                                                          »
«                    ┌───┐   ┌───┐                                         ░ »
«    q_0: ─────■─────┤ H ├───┤ H ├────────────────────────────────■────────░─»
«              │     └───┘┌──┴───┴──┐     ┌─────────┐             │        ░ »
«    q_1: ─────┼───────■──┤ Rx(0.5) ├──■──┤ Rx(0.5) ├─────────────┼────■───░─»
«            ┌─┴─┐     │  ├─────────┤  │  └─────────┘┌─────────┐┌─┴─┐  │   ░ »
«    q_2: ───┤ X ├─────┼──┤ Rz(1.2) ├──┼───────■─────┤ Rz(1.2) ├┤ X ├──┼───░─»
«            └───┘   ┌─┴─┐├─────────┤┌─┴─┐     │     ├─────────┤└───┘┌─┴─┐ ░ »
«    q_3: ───────────┤ X ├┤ Ry(0.3) ├┤ X ├─────┼─────┤ Ry(0.3) ├─────┤ X ├─░─»
«         ┌─────────┐└───┘└─────────┘└───┘   ┌─┴─┐   ├─────────┤     └───┘ ░ »
«    q_4: ┤ Rx(0.8) ├────────────────────────┤ X ├───┤ Rx(0.8) ├───────────░─»
«         └─────────┘                        └───┘   └─────────┘           ░ »
«    q_5: ─────────────────────────────────────────────────────────────────░─»
«                                                                          ░ »
«    q_6: ─────────────────────────────────────────────────────────────────░─»
«                                                                          ░ »
«    q_7: ─────────────────────────────────────────────────────────────────░─»
«                                                                          ░ »
«    q_8: ─────────────────────────────────────────────────────────────────░─»
«                                                                          ░ »
«    q_9: ─────────────────────────────────────────────────────────────────░─»
«                                                                          ░ »
«   q_10: ─────────────────────────────────────────────────────────────────░─»
«                                                                          ░ »
«   q_11: ─────────────────────────────────────────────────────────────────░─»
«                                                                          ░ »
«   q_12: ─────────────────────────────────────────────────────────────────░─»
«                                                                          ░ »
«   q_13: ─────────────────────────────────────────────────────────────────░─»
«                                                                          ░ »
«   q_14: ─────────────────────────────────────────────────────────────────░─»
«                                                                          ░ »
«   q_15: ─────────────────────────────────────────────────────────────────░─»
«                                                                          ░ »
«   q_16: ─────────────────────────────────────────────────────────────────░─»
«                                                                          ░ »
«   q_17: ─────────────────────────────────────────────────────────────────░─»
«                                                                          ░ »
«   q_18: ─────────────────────────────────────────────────────────────────░─»
«                                                                          ░ »
«   q_19: ─────────────────────────────────────────────────────────────────░─»
«                                                                          ░ »
«   q_20: ─────────────────────────────────────────────────────────────────░─»
«                                                                          ░ »
«   q_21: ─────────────────────────────────────────────────────────────────░─»
«                                                                          ░ »
«   q_22: ─────────────────────────────────────────────────────────────────░─»
«                                                                          ░ »
«   q_23: ─────────────────────────────────────────────────────────────────░─»
«                                                                          ░ »
«   q_24: ─────────────────────────────────────────────────────────────────░─»
«                                                                          ░ »
«   q_25: ─────────────────────────────────────────────────────────────────░─»
«                                                                          ░ »
«   q_26: ─────────────────────────────────────────────────────────────────░─»
«                                                                          ░ »
«   q_27: ─────────────────────────────────────────────────────────────────░─»
«                                                                          ░ »
«   q_28: ─────────────────────────────────────────────────────────────────░─»
«                                                                          ░ »
«   q_29: ─────────────────────────────────────────────────────────────────░─»
«                                                                          ░ »
«meas: 30/═══════════════════════════════════════════════════════════════════»
«                                                                            »
«         ┌─┐                                                                  »
«    q_0: ┤M├──────────────────────────────────────────────────────────────────»
«         └╥┘┌─┐                                                               »
«    q_1: ─╫─┤M├───────────────────────────────────────────────────────────────»
«          ║ └╥┘┌─┐                                                            »
«    q_2: ─╫──╫─┤M├────────────────────────────────────────────────────────────»
«          ║  ║ └╥┘┌─┐                                                         »
«    q_3: ─╫──╫──╫─┤M├─────────────────────────────────────────────────────────»
«          ║  ║  ║ └╥┘┌─┐                                                      »
«    q_4: ─╫──╫──╫──╫─┤M├──────────────────────────────────────────────────────»
«          ║  ║  ║  ║ └╥┘┌─┐                                                   »
«    q_5: ─╫──╫──╫──╫──╫─┤M├───────────────────────────────────────────────────»
«          ║  ║  ║  ║  ║ └╥┘┌─┐                                                »
«    q_6: ─╫──╫──╫──╫──╫──╫─┤M├────────────────────────────────────────────────»
«          ║  ║  ║  ║  ║  ║ └╥┘┌─┐                                             »
«    q_7: ─╫──╫──╫──╫──╫──╫──╫─┤M├─────────────────────────────────────────────»
«          ║  ║  ║  ║  ║  ║  ║ └╥┘┌─┐                                          »
«    q_8: ─╫──╫──╫──╫──╫──╫──╫──╫─┤M├──────────────────────────────────────────»
«          ║  ║  ║  ║  ║  ║  ║  ║ └╥┘┌─┐                                       »
«    q_9: ─╫──╫──╫──╫──╫──╫──╫──╫──╫─┤M├───────────────────────────────────────»
«          ║  ║  ║  ║  ║  ║  ║  ║  ║ └╥┘┌─┐                                    »
«   q_10: ─╫──╫──╫──╫──╫──╫──╫──╫──╫──╫─┤M├────────────────────────────────────»
«          ║  ║  ║  ║  ║  ║  ║  ║  ║  ║ └╥┘┌─┐                                 »
«   q_11: ─╫──╫──╫──╫──╫──╫──╫──╫──╫──╫──╫─┤M├─────────────────────────────────»
«          ║  ║  ║  ║  ║  ║  ║  ║  ║  ║  ║ └╥┘┌─┐                              »
«   q_12: ─╫──╫──╫──╫──╫──╫──╫──╫──╫──╫──╫──╫─┤M├──────────────────────────────»
«          ║  ║  ║  ║  ║  ║  ║  ║  ║  ║  ║  ║ └╥┘┌─┐                           »
«   q_13: ─╫──╫──╫──╫──╫──╫──╫──╫──╫──╫──╫──╫──╫─┤M├───────────────────────────»
«          ║  ║  ║  ║  ║  ║  ║  ║  ║  ║  ║  ║  ║ └╥┘┌─┐                        »
«   q_14: ─╫──╫──╫──╫──╫──╫──╫──╫──╫──╫──╫──╫──╫──╫─┤M├────────────────────────»
«          ║  ║  ║  ║  ║  ║  ║  ║  ║  ║  ║  ║  ║  ║ └╥┘┌─┐                     »
«   q_15: ─╫──╫──╫──╫──╫──╫──╫──╫──╫──╫──╫──╫──╫──╫──╫─┤M├─────────────────────»
«          ║  ║  ║  ║  ║  ║  ║  ║  ║  ║  ║  ║  ║  ║  ║ └╥┘┌─┐                  »
«   q_16: ─╫──╫──╫──╫──╫──╫──╫──╫──╫──╫──╫──╫──╫──╫──╫──╫─┤M├──────────────────»
«          ║  ║  ║  ║  ║  ║  ║  ║  ║  ║  ║  ║  ║  ║  ║  ║ └╥┘┌─┐               »
«   q_17: ─╫──╫──╫──╫──╫──╫──╫──╫──╫──╫──╫──╫──╫──╫──╫──╫──╫─┤M├───────────────»
«          ║  ║  ║  ║  ║  ║  ║  ║  ║  ║  ║  ║  ║  ║  ║  ║  ║ └╥┘┌─┐            »
«   q_18: ─╫──╫──╫──╫──╫──╫──╫──╫──╫──╫──╫──╫──╫──╫──╫──╫──╫──╫─┤M├────────────»
«          ║  ║  ║  ║  ║  ║  ║  ║  ║  ║  ║  ║  ║  ║  ║  ║  ║  ║ └╥┘┌─┐         »
«   q_19: ─╫──╫──╫──╫──╫──╫──╫──╫──╫──╫──╫──╫──╫──╫──╫──╫──╫──╫──╫─┤M├─────────»
«          ║  ║  ║  ║  ║  ║  ║  ║  ║  ║  ║  ║  ║  ║  ║  ║  ║  ║  ║ └╥┘┌─┐      »
«   q_20: ─╫──╫──╫──╫──╫──╫──╫──╫──╫──╫──╫──╫──╫──╫──╫──╫──╫──╫──╫──╫─┤M├──────»
«          ║  ║  ║  ║  ║  ║  ║  ║  ║  ║  ║  ║  ║  ║  ║  ║  ║  ║  ║  ║ └╥┘┌─┐   »
«   q_21: ─╫──╫──╫──╫──╫──╫──╫──╫──╫──╫──╫──╫──╫──╫──╫──╫──╫──╫──╫──╫──╫─┤M├───»
«          ║  ║  ║  ║  ║  ║  ║  ║  ║  ║  ║  ║  ║  ║  ║  ║  ║  ║  ║  ║  ║ └╥┘┌─┐»
«   q_22: ─╫──╫──╫──╫──╫──╫──╫──╫──╫──╫──╫──╫──╫──╫──╫──╫──╫──╫──╫──╫──╫──╫─┤M├»
«          ║  ║  ║  ║  ║  ║  ║  ║  ║  ║  ║  ║  ║  ║  ║  ║  ║  ║  ║  ║  ║  ║ └╥┘»
«   q_23: ─╫──╫──╫──╫──╫──╫──╫──╫──╫──╫──╫──╫──╫──╫──╫──╫──╫──╫──╫──╫──╫──╫──╫─»
«          ║  ║  ║  ║  ║  ║  ║  ║  ║  ║  ║  ║  ║  ║  ║  ║  ║  ║  ║  ║  ║  ║  ║ »
«   q_24: ─╫──╫──╫──╫──╫──╫──╫──╫──╫──╫──╫──╫──╫──╫──╫──╫──╫──╫──╫──╫──╫──╫──╫─»
«          ║  ║  ║  ║  ║  ║  ║  ║  ║  ║  ║  ║  ║  ║  ║  ║  ║  ║  ║  ║  ║  ║  ║ »
«   q_25: ─╫──╫──╫──╫──╫──╫──╫──╫──╫──╫──╫──╫──╫──╫──╫──╫──╫──╫──╫──╫──╫──╫──╫─»
«          ║  ║  ║  ║  ║  ║  ║  ║  ║  ║  ║  ║  ║  ║  ║  ║  ║  ║  ║  ║  ║  ║  ║ »
«   q_26: ─╫──╫──╫──╫──╫──╫──╫──╫──╫──╫──╫──╫──╫──╫──╫──╫──╫──╫──╫──╫──╫──╫──╫─»
«          ║  ║  ║  ║  ║  ║  ║  ║  ║  ║  ║  ║  ║  ║  ║  ║  ║  ║  ║  ║  ║  ║  ║ »
«   q_27: ─╫──╫──╫──╫──╫──╫──╫──╫──╫──╫──╫──╫──╫──╫──╫──╫──╫──╫──╫──╫──╫──╫──╫─»
«          ║  ║  ║  ║  ║  ║  ║  ║  ║  ║  ║  ║  ║  ║  ║  ║  ║  ║  ║  ║  ║  ║  ║ »
«   q_28: ─╫──╫──╫──╫──╫──╫──╫──╫──╫──╫──╫──╫──╫──╫──╫──╫──╫──╫──╫──╫──╫──╫──╫─»
«          ║  ║  ║  ║  ║  ║  ║  ║  ║  ║  ║  ║  ║  ║  ║  ║  ║  ║  ║  ║  ║  ║  ║ »
«   q_29: ─╫──╫──╫──╫──╫──╫──╫──╫──╫──╫──╫──╫──╫──╫──╫──╫──╫──╫──╫──╫──╫──╫──╫─»
«          ║  ║  ║  ║  ║  ║  ║  ║  ║  ║  ║  ║  ║  ║  ║  ║  ║  ║  ║  ║  ║  ║  ║ »
«meas: 30/═╩══╩══╩══╩══╩══╩══╩══╩══╩══╩══╩══╩══╩══╩══╩══╩══╩══╩══╩══╩══╩══╩══╩═»
«          0  1  2  3  4  5  6  7  8  9  10 11 12 13 14 15 16 17 18 19 20 21 22»
«                              
«    q_0: ─────────────────────
«                              
«    q_1: ─────────────────────
«                              
«    q_2: ─────────────────────
«                              
«    q_3: ─────────────────────
«                              
«    q_4: ─────────────────────
«                              
«    q_5: ─────────────────────
«                              
«    q_6: ─────────────────────
«                              
«    q_7: ─────────────────────
«                              
«    q_8: ─────────────────────
«                              
«    q_9: ─────────────────────
«                              
«   q_10: ─────────────────────
«                              
«   q_11: ─────────────────────
«                              
«   q_12: ─────────────────────
«                              
«   q_13: ─────────────────────
«                              
«   q_14: ─────────────────────
«                              
«   q_15: ─────────────────────
«                              
«   q_16: ─────────────────────
«                              
«   q_17: ─────────────────────
«                              
«   q_18: ─────────────────────
«                              
«   q_19: ─────────────────────
«                              
«   q_20: ─────────────────────
«                              
«   q_21: ─────────────────────
«                              
«   q_22: ─────────────────────
«         ┌─┐                  
«   q_23: ┤M├──────────────────
«         └╥┘┌─┐               
«   q_24: ─╫─┤M├───────────────
«          ║ └╥┘┌─┐            
«   q_25: ─╫──╫─┤M├────────────
«          ║  ║ └╥┘┌─┐         
«   q_26: ─╫──╫──╫─┤M├─────────
«          ║  ║  ║ └╥┘┌─┐      
«   q_27: ─╫──╫──╫──╫─┤M├──────
«          ║  ║  ║  ║ └╥┘┌─┐   
«   q_28: ─╫──╫──╫──╫──╫─┤M├───
«          ║  ║  ║  ║  ║ └╥┘┌─┐
«   q_29: ─╫──╫──╫──╫──╫──╫─┤M├
«          ║  ║  ║  ║  ║  ║ └╥┘
«meas: 30/═╩══╩══╩══╩══╩══╩══╩═
«          23 24 25 26 27 28 29
Traceback (most recent call last):
  File "/work/ccresearch/gharrabi/expr/exp5/exprz/thirty-bw2-wcsv5.py", line 97, in <module>
    counts, result, psi = run_qiskit_simulation(qc)
  File "/work/ccresearch/gharrabi/expr/exp5/exprz/thirty-bw2-wcsv5.py", line 63, in run_qiskit_simulation
    result = simulator.run(transpile(compiled_circuit, simulator, shots=20000)).result()
TypeError: transpile() got an unexpected keyword argument 'shots'
