usage: conda create [-h] [--clone ENV] (-n ENVIRONMENT | -p PATH) [-c CHANNEL]
                    [--use-local] [--override-channels]
                    [--repodata-fn REPODATA_FNS] [--strict-channel-priority]
                    [--no-channel-priority] [--no-deps | --only-deps]
                    [--no-pin] [--copy] [-C] [-k] [--offline] [-d] [--json]
                    [-q] [-v] [-y] [--download-only] [--show-channel-urls]
                    [--file FILE] [--no-default-packages]
                    [--solver {classic} | --experimental-solver {classic}]
                    [--dev]
                    [package_spec ...]
conda create: error: one of the arguments -n/--name -p/--prefix is required
Defaulting to user installation because normal site-packages is not writeable
Requirement already satisfied: qiskit-aer-gpu in /home/gharrabi/.local/lib/python3.10/site-packages (0.14.2)
Requirement already satisfied: nvidia-cusolver-cu12>=11.4.5.107 in /home/gharrabi/.local/lib/python3.10/site-packages (from qiskit-aer-gpu) (11.6.2.40)
Requirement already satisfied: psutil>=5 in /home/gharrabi/.local/lib/python3.10/site-packages (from qiskit-aer-gpu) (5.9.8)
Requirement already satisfied: cuquantum-cu12>=23.3.0 in /home/gharrabi/.local/lib/python3.10/site-packages (from qiskit-aer-gpu) (24.3.0.post1)
Requirement already satisfied: nvidia-cusparse-cu12>=12.1.0.106 in /home/gharrabi/.local/lib/python3.10/site-packages (from qiskit-aer-gpu) (12.4.1.24)
Requirement already satisfied: nvidia-cuda-runtime-cu12>=12.1.105 in /home/gharrabi/.local/lib/python3.10/site-packages (from qiskit-aer-gpu) (12.5.39)
Requirement already satisfied: numpy>=1.16.3 in /home/gharrabi/.local/lib/python3.10/site-packages (from qiskit-aer-gpu) (1.26.4)
Requirement already satisfied: nvidia-cublas-cu12>=12.1.3.1 in /home/gharrabi/.local/lib/python3.10/site-packages (from qiskit-aer-gpu) (12.5.2.13)
Requirement already satisfied: qiskit>=0.45.2 in /home/gharrabi/.local/lib/python3.10/site-packages (from qiskit-aer-gpu) (1.1.0)
Requirement already satisfied: nvidia-nvjitlink-cu12 in /home/gharrabi/.local/lib/python3.10/site-packages (from qiskit-aer-gpu) (12.5.40)
Requirement already satisfied: scipy>=1.0 in /home/gharrabi/.local/lib/python3.10/site-packages (from qiskit-aer-gpu) (1.13.1)
Requirement already satisfied: cutensornet-cu12==2.4.0.post1 in /home/gharrabi/.local/lib/python3.10/site-packages (from cuquantum-cu12>=23.3.0->qiskit-aer-gpu) (2.4.0.post1)
Requirement already satisfied: custatevec-cu12==1.6.0.post1 in /home/gharrabi/.local/lib/python3.10/site-packages (from cuquantum-cu12>=23.3.0->qiskit-aer-gpu) (1.6.0.post1)
Requirement already satisfied: cutensor-cu12<3,>=2.0.1 in /home/gharrabi/.local/lib/python3.10/site-packages (from cutensornet-cu12==2.4.0.post1->cuquantum-cu12>=23.3.0->qiskit-aer-gpu) (2.0.1)
Requirement already satisfied: sympy>=1.3 in /home/gharrabi/.local/lib/python3.10/site-packages (from qiskit>=0.45.2->qiskit-aer-gpu) (1.12.1)
Requirement already satisfied: stevedore>=3.0.0 in /home/gharrabi/.local/lib/python3.10/site-packages (from qiskit>=0.45.2->qiskit-aer-gpu) (5.2.0)
Requirement already satisfied: typing-extensions in /home/gharrabi/.local/lib/python3.10/site-packages (from qiskit>=0.45.2->qiskit-aer-gpu) (4.12.2)
Requirement already satisfied: symengine>=0.11 in /home/gharrabi/.local/lib/python3.10/site-packages (from qiskit>=0.45.2->qiskit-aer-gpu) (0.11.0)
Requirement already satisfied: python-dateutil>=2.8.0 in /home/gharrabi/.local/lib/python3.10/site-packages (from qiskit>=0.45.2->qiskit-aer-gpu) (2.9.0.post0)
Requirement already satisfied: dill>=0.3 in /home/gharrabi/.local/lib/python3.10/site-packages (from qiskit>=0.45.2->qiskit-aer-gpu) (0.3.8)
Requirement already satisfied: rustworkx>=0.14.0 in /home/gharrabi/.local/lib/python3.10/site-packages (from qiskit>=0.45.2->qiskit-aer-gpu) (0.14.2)
Requirement already satisfied: six>=1.5 in /home/gharrabi/.local/lib/python3.10/site-packages (from python-dateutil>=2.8.0->qiskit>=0.45.2->qiskit-aer-gpu) (1.16.0)
Requirement already satisfied: pbr!=2.1.0,>=2.0.0 in /home/gharrabi/.local/lib/python3.10/site-packages (from stevedore>=3.0.0->qiskit>=0.45.2->qiskit-aer-gpu) (6.0.0)
Requirement already satisfied: mpmath<1.4.0,>=1.1.0 in /home/gharrabi/.local/lib/python3.10/site-packages (from sympy>=1.3->qiskit>=0.45.2->qiskit-aer-gpu) (1.3.0)
Qiskit error during simulation: 'Number of qubits (60) in circuit-168 is greater than maximum (33) in the coupling_map'
No counts available to write to CSV.
No results from simulation.
