Defaulting to user installation because normal site-packages is not writeable
Requirement already satisfied: pandas in /home/gharrabi/.local/lib/python3.10/site-packages (2.2.2)
Requirement already satisfied: numpy>=1.22.4 in /home/gharrabi/.local/lib/python3.10/site-packages (from pandas) (1.26.4)
Requirement already satisfied: python-dateutil>=2.8.2 in /home/gharrabi/.local/lib/python3.10/site-packages (from pandas) (2.9.0.post0)
Requirement already satisfied: pytz>=2020.1 in /home/gharrabi/.local/lib/python3.10/site-packages (from pandas) (2024.1)
Requirement already satisfied: tzdata>=2022.7 in /home/gharrabi/.local/lib/python3.10/site-packages (from pandas) (2024.1)
Requirement already satisfied: six>=1.5 in /home/gharrabi/.local/lib/python3.10/site-packages (from python-dateutil>=2.8.2->pandas) (1.16.0)

[notice] A new release of pip is available: 23.1.2 -> 24.0
[notice] To update, run: python3.10 -m pip install --upgrade pip
Lmod has detected the following error: The following module(s) are unknown:
"cuda/11.4"

Please check the spelling or version number. Also try "module spider ..."
It is also possible your cache file is out-of-date; it may help to try:
  $ module --ignore_cache load "cuda/11.4"

Also make sure that all modulefiles written in TCL start with the string
#%Module



Retrieving notices: ...working... done
Channels:
 - conda-forge
 - defaults
Platform: linux-64
Collecting package metadata (repodata.json): ...working... done
Solving environment: ...working... done

## Package Plan ##

  environment location: /home/gharrabi/.conda/envs/cuda-quantum2

  added / updated specs:
    - cuquantum-python


The following packages will be downloaded:

    package                    |            build
    ---------------------------|-----------------
    ca-certificates-2024.6.2   |       hbcca054_0         152 KB  conda-forge
    cuda-version-11.8          |       h70ddcb2_3          21 KB  conda-forge
    cudatoolkit-11.8.0         |      h4ba93d1_13       682.5 MB  conda-forge
    cupy-13.1.0                |  py312h8e83189_4         349 KB  conda-forge
    cupy-core-13.1.0           |  py312h53955ab_4        43.0 MB  conda-forge
    cuquantum-python-24.03.0   |  py312h32b3722_3         600 KB  conda-forge
    custatevec-1.6.0           |       hee583db_3        24.8 MB  conda-forge
    cutensor-2.0.1.2           |       hcdd5f01_0        94.0 MB  conda-forge
    cutensornet-2.4.0          |nompi_hee583db_103         1.7 MB  conda-forge
    fastrlock-0.8.2            |  py312h30efb56_2          37 KB  conda-forge
    ld_impl_linux-64-2.40      |       hf3520f5_2         692 KB  conda-forge
    libzlib-1.3.1              |       h4ab18f5_1          60 KB  conda-forge
    openssl-3.3.1              |       h4ab18f5_0         2.8 MB  conda-forge
    ------------------------------------------------------------
                                           Total:       850.6 MB

The following NEW packages will be INSTALLED:

  _libgcc_mutex      conda-forge/linux-64::_libgcc_mutex-0.1-conda_forge 
  _openmp_mutex      conda-forge/linux-64::_openmp_mutex-4.5-2_gnu 
  bzip2              conda-forge/linux-64::bzip2-1.0.8-hd590300_5 
  ca-certificates    conda-forge/linux-64::ca-certificates-2024.6.2-hbcca054_0 
  cuda-version       conda-forge/noarch::cuda-version-11.8-h70ddcb2_3 
  cudatoolkit        conda-forge/linux-64::cudatoolkit-11.8.0-h4ba93d1_13 
  cupy               conda-forge/linux-64::cupy-13.1.0-py312h8e83189_4 
  cupy-core          conda-forge/linux-64::cupy-core-13.1.0-py312h53955ab_4 
  cuquantum-python   conda-forge/linux-64::cuquantum-python-24.03.0-py312h32b3722_3 
  custatevec         conda-forge/linux-64::custatevec-1.6.0-hee583db_3 
  cutensor           conda-forge/linux-64::cutensor-2.0.1.2-hcdd5f01_0 
  cutensornet        conda-forge/linux-64::cutensornet-2.4.0-nompi_hee583db_103 
  fastrlock          conda-forge/linux-64::fastrlock-0.8.2-py312h30efb56_2 
  ld_impl_linux-64   conda-forge/linux-64::ld_impl_linux-64-2.40-hf3520f5_2 
  libblas            conda-forge/linux-64::libblas-3.9.0-22_linux64_openblas 
  libcblas           conda-forge/linux-64::libcblas-3.9.0-22_linux64_openblas 
  libexpat           conda-forge/linux-64::libexpat-2.6.2-h59595ed_0 
  libffi             conda-forge/linux-64::libffi-3.4.2-h7f98852_5 
  libgcc-ng          conda-forge/linux-64::libgcc-ng-13.2.0-h77fa898_7 
  libgfortran-ng     conda-forge/linux-64::libgfortran-ng-13.2.0-h69a702a_7 
  libgfortran5       conda-forge/linux-64::libgfortran5-13.2.0-hca663fb_7 
  libgomp            conda-forge/linux-64::libgomp-13.2.0-h77fa898_7 
  liblapack          conda-forge/linux-64::liblapack-3.9.0-22_linux64_openblas 
  libnsl             conda-forge/linux-64::libnsl-2.0.1-hd590300_0 
  libopenblas        conda-forge/linux-64::libopenblas-0.3.27-pthreads_h413a1c8_0 
  libsqlite          conda-forge/linux-64::libsqlite-3.45.3-h2797004_0 
  libstdcxx-ng       conda-forge/linux-64::libstdcxx-ng-13.2.0-hc0a3c3a_7 
  libuuid            conda-forge/linux-64::libuuid-2.38.1-h0b41bf4_0 
  libxcrypt          conda-forge/linux-64::libxcrypt-4.4.36-hd590300_1 
  libzlib            conda-forge/linux-64::libzlib-1.3.1-h4ab18f5_1 
  ncurses            conda-forge/linux-64::ncurses-6.5-h59595ed_0 
  numpy              conda-forge/linux-64::numpy-1.26.4-py312heda63a1_0 
  openssl            conda-forge/linux-64::openssl-3.3.1-h4ab18f5_0 
  pip                conda-forge/noarch::pip-24.0-pyhd8ed1ab_0 
  python             conda-forge/linux-64::python-3.12.3-hab00c5b_0_cpython 
  python_abi         conda-forge/linux-64::python_abi-3.12-4_cp312 
  readline           conda-forge/linux-64::readline-8.2-h8228510_1 
  setuptools         conda-forge/noarch::setuptools-70.0.0-pyhd8ed1ab_0 
  tk                 conda-forge/linux-64::tk-8.6.13-noxft_h4845f30_101 
  tzdata             conda-forge/noarch::tzdata-2024a-h0c530f3_0 
  wheel              conda-forge/noarch::wheel-0.43.0-pyhd8ed1ab_1 
  xz                 conda-forge/linux-64::xz-5.2.6-h166bdaf_0 


Proceed ([y]/n)? 

Downloading and Extracting Packages: ...working... done
Preparing transaction: ...working... done
Verifying transaction: ...working... done
Executing transaction: ...working... By downloading and using the CUDA Toolkit conda packages, you accept the terms and conditions of the CUDA End User License Agreement (EULA): https://docs.nvidia.com/cuda/eula/index.html

By downloading and using the custatevec conda package, you accept the terms
and conditions of the NVIDIA cuQuantum Software License Agreement:
https://docs.nvidia.com/cuda/cuquantum/license.html

By downloading and using the cuTENSOR conda package, you accept the terms
and conditions of the NVIDIA cuTENSOR Software License Agreement:
https://docs.nvidia.com/cuda/cutensor/license.html

By downloading and using the cutensornet conda package, you accept the terms
and conditions of the NVIDIA cuQuantum Software License Agreement:
https://docs.nvidia.com/cuda/cuquantum/license.html

done
Traceback (most recent call last):
  File "/work/ccresearch/gharrabi/expr/exp5/exprz/quantum_simulation.py", line 3, in <module>
    from cuquantum import custatevec as cusv
ModuleNotFoundError: No module named 'cuquantum'
