usage: conda create [-h] [--clone ENV] (-n ENVIRONMENT | -p PATH) [-c CHANNEL]
                    [--use-local] [--override-channels]
                    [--repodata-fn REPODATA_FNS] [--strict-channel-priority]
                    [--no-channel-priority] [--no-deps | --only-deps]
                    [--no-pin] [--copy] [-C] [-k] [--offline] [-d] [--json]
                    [-q] [-v] [-y] [--download-only] [--show-channel-urls]
                    [--file FILE] [--no-default-packages]
                    [--solver {classic} | --experimental-solver {classic}]
                    [--dev]
                    [package_spec ...]
conda create: error: one of the arguments -n/--name -p/--prefix is required
Defaulting to user installation because normal site-packages is not writeable
Requirement already satisfied: qiskit-aer-gpu in /home/gharrabi/.local/lib/python3.10/site-packages (0.14.2)
Requirement already satisfied: qiskit>=0.45.2 in /home/gharrabi/.local/lib/python3.10/site-packages (from qiskit-aer-gpu) (1.1.0)
Requirement already satisfied: numpy>=1.16.3 in /home/gharrabi/.local/lib/python3.10/site-packages (from qiskit-aer-gpu) (1.26.4)
Requirement already satisfied: scipy>=1.0 in /home/gharrabi/.local/lib/python3.10/site-packages (from qiskit-aer-gpu) (1.13.1)
Requirement already satisfied: psutil>=5 in /home/gharrabi/.local/lib/python3.10/site-packages (from qiskit-aer-gpu) (5.9.8)
Requirement already satisfied: nvidia-cuda-runtime-cu12>=12.1.105 in /home/gharrabi/.local/lib/python3.10/site-packages (from qiskit-aer-gpu) (12.5.39)
Requirement already satisfied: nvidia-nvjitlink-cu12 in /home/gharrabi/.local/lib/python3.10/site-packages (from qiskit-aer-gpu) (12.5.40)
Requirement already satisfied: nvidia-cublas-cu12>=12.1.3.1 in /home/gharrabi/.local/lib/python3.10/site-packages (from qiskit-aer-gpu) (12.5.2.13)
Requirement already satisfied: nvidia-cusolver-cu12>=11.4.5.107 in /home/gharrabi/.local/lib/python3.10/site-packages (from qiskit-aer-gpu) (11.6.2.40)
Requirement already satisfied: nvidia-cusparse-cu12>=12.1.0.106 in /home/gharrabi/.local/lib/python3.10/site-packages (from qiskit-aer-gpu) (12.4.1.24)
Requirement already satisfied: cuquantum-cu12>=23.3.0 in /home/gharrabi/.local/lib/python3.10/site-packages (from qiskit-aer-gpu) (24.3.0.post1)
Requirement already satisfied: custatevec-cu12==1.6.0.post1 in /home/gharrabi/.local/lib/python3.10/site-packages (from cuquantum-cu12>=23.3.0->qiskit-aer-gpu) (1.6.0.post1)
Requirement already satisfied: cutensornet-cu12==2.4.0.post1 in /home/gharrabi/.local/lib/python3.10/site-packages (from cuquantum-cu12>=23.3.0->qiskit-aer-gpu) (2.4.0.post1)
Requirement already satisfied: cutensor-cu12<3,>=2.0.1 in /home/gharrabi/.local/lib/python3.10/site-packages (from cutensornet-cu12==2.4.0.post1->cuquantum-cu12>=23.3.0->qiskit-aer-gpu) (2.0.1)
Requirement already satisfied: rustworkx>=0.14.0 in /home/gharrabi/.local/lib/python3.10/site-packages (from qiskit>=0.45.2->qiskit-aer-gpu) (0.14.2)
Requirement already satisfied: sympy>=1.3 in /home/gharrabi/.local/lib/python3.10/site-packages (from qiskit>=0.45.2->qiskit-aer-gpu) (1.12.1)
Requirement already satisfied: dill>=0.3 in /home/gharrabi/.local/lib/python3.10/site-packages (from qiskit>=0.45.2->qiskit-aer-gpu) (0.3.8)
Requirement already satisfied: python-dateutil>=2.8.0 in /home/gharrabi/.local/lib/python3.10/site-packages (from qiskit>=0.45.2->qiskit-aer-gpu) (2.9.0.post0)
Requirement already satisfied: stevedore>=3.0.0 in /home/gharrabi/.local/lib/python3.10/site-packages (from qiskit>=0.45.2->qiskit-aer-gpu) (5.2.0)
Requirement already satisfied: typing-extensions in /home/gharrabi/.local/lib/python3.10/site-packages (from qiskit>=0.45.2->qiskit-aer-gpu) (4.12.2)
Requirement already satisfied: symengine>=0.11 in /home/gharrabi/.local/lib/python3.10/site-packages (from qiskit>=0.45.2->qiskit-aer-gpu) (0.11.0)
Requirement already satisfied: six>=1.5 in /home/gharrabi/.local/lib/python3.10/site-packages (from python-dateutil>=2.8.0->qiskit>=0.45.2->qiskit-aer-gpu) (1.16.0)
Requirement already satisfied: pbr!=2.1.0,>=2.0.0 in /home/gharrabi/.local/lib/python3.10/site-packages (from stevedore>=3.0.0->qiskit>=0.45.2->qiskit-aer-gpu) (6.0.0)
Requirement already satisfied: mpmath<1.4.0,>=1.1.0 in /home/gharrabi/.local/lib/python3.10/site-packages (from sympy>=1.3->qiskit>=0.45.2->qiskit-aer-gpu) (1.3.0)

[notice] A new release of pip is available: 23.1.2 -> 24.2
[notice] To update, run: pip install --upgrade pip
Defaulting to user installation because normal site-packages is not writeable
Requirement already satisfied: qiskit-ibm-provider in /home/gharrabi/.local/lib/python3.10/site-packages (0.11.0)
Requirement already satisfied: qiskit>=0.45.0 in /home/gharrabi/.local/lib/python3.10/site-packages (from qiskit-ibm-provider) (1.1.0)
Requirement already satisfied: requests>=2.19 in /home/gharrabi/.local/lib/python3.10/site-packages (from qiskit-ibm-provider) (2.32.3)
Requirement already satisfied: requests-ntlm>=1.1.0 in /home/gharrabi/.local/lib/python3.10/site-packages (from qiskit-ibm-provider) (1.3.0)
Requirement already satisfied: numpy>=1.13 in /home/gharrabi/.local/lib/python3.10/site-packages (from qiskit-ibm-provider) (1.26.4)
Requirement already satisfied: urllib3>=1.21.1 in /home/gharrabi/.local/lib/python3.10/site-packages (from qiskit-ibm-provider) (2.2.1)
Requirement already satisfied: python-dateutil>=2.8.0 in /home/gharrabi/.local/lib/python3.10/site-packages (from qiskit-ibm-provider) (2.9.0.post0)
Requirement already satisfied: websocket-client>=1.5.1 in /home/gharrabi/.local/lib/python3.10/site-packages (from qiskit-ibm-provider) (1.8.0)
Requirement already satisfied: websockets>=10.0 in /home/gharrabi/.local/lib/python3.10/site-packages (from qiskit-ibm-provider) (12.0)
Requirement already satisfied: typing-extensions>=4.3 in /home/gharrabi/.local/lib/python3.10/site-packages (from qiskit-ibm-provider) (4.12.2)
Requirement already satisfied: six>=1.5 in /home/gharrabi/.local/lib/python3.10/site-packages (from python-dateutil>=2.8.0->qiskit-ibm-provider) (1.16.0)
Requirement already satisfied: rustworkx>=0.14.0 in /home/gharrabi/.local/lib/python3.10/site-packages (from qiskit>=0.45.0->qiskit-ibm-provider) (0.14.2)
Requirement already satisfied: scipy>=1.5 in /home/gharrabi/.local/lib/python3.10/site-packages (from qiskit>=0.45.0->qiskit-ibm-provider) (1.13.1)
Requirement already satisfied: sympy>=1.3 in /home/gharrabi/.local/lib/python3.10/site-packages (from qiskit>=0.45.0->qiskit-ibm-provider) (1.12.1)
Requirement already satisfied: dill>=0.3 in /home/gharrabi/.local/lib/python3.10/site-packages (from qiskit>=0.45.0->qiskit-ibm-provider) (0.3.8)
Requirement already satisfied: stevedore>=3.0.0 in /home/gharrabi/.local/lib/python3.10/site-packages (from qiskit>=0.45.0->qiskit-ibm-provider) (5.2.0)
Requirement already satisfied: symengine>=0.11 in /home/gharrabi/.local/lib/python3.10/site-packages (from qiskit>=0.45.0->qiskit-ibm-provider) (0.11.0)
Requirement already satisfied: charset-normalizer<4,>=2 in /home/gharrabi/.local/lib/python3.10/site-packages (from requests>=2.19->qiskit-ibm-provider) (3.3.2)
Requirement already satisfied: idna<4,>=2.5 in /home/gharrabi/.local/lib/python3.10/site-packages (from requests>=2.19->qiskit-ibm-provider) (3.7)
Requirement already satisfied: certifi>=2017.4.17 in /home/gharrabi/.local/lib/python3.10/site-packages (from requests>=2.19->qiskit-ibm-provider) (2024.6.2)
Requirement already satisfied: cryptography>=1.3 in /opt/rit/el9/20230413/app/linux-rhel9-x86_64_v3/gcc-11.2.1/miniconda3-22.11.1-hydt3qzqzg5alf7csvqt24mf7xt64o53/lib/python3.10/site-packages (from requests-ntlm>=1.1.0->qiskit-ibm-provider) (38.0.1)
Requirement already satisfied: pyspnego>=0.4.0 in /home/gharrabi/.local/lib/python3.10/site-packages (from requests-ntlm>=1.1.0->qiskit-ibm-provider) (0.11.1)
Requirement already satisfied: cffi>=1.12 in /home/gharrabi/.local/lib/python3.10/site-packages (from cryptography>=1.3->requests-ntlm>=1.1.0->qiskit-ibm-provider) (1.16.0)
Requirement already satisfied: pbr!=2.1.0,>=2.0.0 in /home/gharrabi/.local/lib/python3.10/site-packages (from stevedore>=3.0.0->qiskit>=0.45.0->qiskit-ibm-provider) (6.0.0)
Requirement already satisfied: mpmath<1.4.0,>=1.1.0 in /home/gharrabi/.local/lib/python3.10/site-packages (from sympy>=1.3->qiskit>=0.45.0->qiskit-ibm-provider) (1.3.0)
Requirement already satisfied: pycparser in /home/gharrabi/.local/lib/python3.10/site-packages (from cffi>=1.12->cryptography>=1.3->requests-ntlm>=1.1.0->qiskit-ibm-provider) (2.22)

[notice] A new release of pip is available: 23.1.2 -> 24.2
[notice] To update, run: pip install --upgrade pip
/work/ccresearch/gharrabi/expr/exp5/exprz/sixty-bw3.py:3: DeprecationWarning: The package qiskit_ibm_provider is being deprecated. Please see https://docs.quantum.ibm.com/api/migration-guides/qiskit-runtime to get instructions on how to migrate to qiskit-ibm-runtime (https://github.com/Qiskit/qiskit-ibm-runtime).
  from qiskit_ibm_provider import IBMProvider
            ┌───┐           ┌───┐   ┌───┐                   ┌───┐   ┌───┐»
    q_0: ───┤ H ├─────■─────┤ H ├───┤ H ├─────────────■─────┤ H ├───┤ H ├»
         ┌──┴───┴──┐┌─┴─┐┌──┴───┴──┐└───┘┌─────────┐┌─┴─┐┌──┴───┴──┐└───┘»
    q_1: ┤ Rx(0.5) ├┤ X ├┤ Rx(0.5) ├──■──┤ Rx(0.5) ├┤ X ├┤ Rx(0.5) ├──■──»
         ├─────────┤└───┘├─────────┤┌─┴─┐├─────────┤└───┘├─────────┤┌─┴─┐»
    q_2: ┤ Rz(1.2) ├──■──┤ Rz(1.2) ├┤ X ├┤ Rz(1.2) ├──■──┤ Rz(1.2) ├┤ X ├»
         ├─────────┤┌─┴─┐├─────────┤└───┘├─────────┤┌─┴─┐├─────────┤└───┘»
    q_3: ┤ Ry(0.3) ├┤ X ├┤ Ry(0.3) ├──■──┤ Ry(0.3) ├┤ X ├┤ Ry(0.3) ├──■──»
         ├─────────┤└───┘├─────────┤┌─┴─┐├─────────┤└───┘├─────────┤┌─┴─┐»
    q_4: ┤ Rx(0.8) ├──■──┤ Rx(0.8) ├┤ X ├┤ Rx(0.8) ├──■──┤ Rx(0.8) ├┤ X ├»
         └─────────┘┌─┴─┐└─────────┘└───┘└─────────┘┌─┴─┐└─────────┘└───┘»
    q_5: ───────────┤ X ├─────■─────────────────────┤ X ├─────■──────────»
                    └───┘   ┌─┴─┐                   └───┘   ┌─┴─┐        »
    q_6: ─────■─────────────┤ X ├─────■─────────────────────┤ X ├─────■──»
            ┌─┴─┐           └───┘   ┌─┴─┐                   └───┘   ┌─┴─┐»
    q_7: ───┤ X ├─────■─────────────┤ X ├─────■─────────────────────┤ X ├»
            └───┘   ┌─┴─┐           └───┘   ┌─┴─┐                   └───┘»
    q_8: ─────■─────┤ X ├─────■─────────────┤ X ├─────■──────────────────»
            ┌─┴─┐   └───┘   ┌─┴─┐           └───┘   ┌─┴─┐                »
    q_9: ───┤ X ├─────■─────┤ X ├─────■─────────────┤ X ├─────■──────────»
            └───┘   ┌─┴─┐   └───┘   ┌─┴─┐           └───┘   ┌─┴─┐        »
   q_10: ─────■─────┤ X ├─────■─────┤ X ├─────■─────────────┤ X ├─────■──»
            ┌─┴─┐   └───┘   ┌─┴─┐   └───┘   ┌─┴─┐           └───┘   ┌─┴─┐»
   q_11: ───┤ X ├─────■─────┤ X ├─────■─────┤ X ├─────■─────────────┤ X ├»
            └───┘   ┌─┴─┐   └───┘   ┌─┴─┐   └───┘   ┌─┴─┐           └───┘»
   q_12: ─────■─────┤ X ├─────■─────┤ X ├─────■─────┤ X ├─────■──────────»
            ┌─┴─┐   └───┘   ┌─┴─┐   └───┘   ┌─┴─┐   └───┘   ┌─┴─┐        »
   q_13: ───┤ X ├─────■─────┤ X ├─────■─────┤ X ├─────■─────┤ X ├────────»
            └───┘   ┌─┴─┐   └───┘   ┌─┴─┐   └───┘   ┌─┴─┐   └───┘        »
   q_14: ─────■─────┤ X ├─────■─────┤ X ├─────■─────┤ X ├─────■──────────»
            ┌─┴─┐   └───┘   ┌─┴─┐   └───┘   ┌─┴─┐   └───┘   ┌─┴─┐        »
   q_15: ───┤ X ├─────■─────┤ X ├─────■─────┤ X ├─────■─────┤ X ├────────»
            └───┘   ┌─┴─┐   └───┘   ┌─┴─┐   └───┘   ┌─┴─┐   └───┘        »
   q_16: ─────■─────┤ X ├─────■─────┤ X ├─────■─────┤ X ├─────■──────────»
            ┌─┴─┐   └───┘   ┌─┴─┐   └───┘   ┌─┴─┐   └───┘   ┌─┴─┐        »
   q_17: ───┤ X ├─────■─────┤ X ├─────■─────┤ X ├─────■─────┤ X ├────────»
            └───┘   ┌─┴─┐   └───┘   ┌─┴─┐   └───┘   ┌─┴─┐   └───┘        »
   q_18: ─────■─────┤ X ├─────■─────┤ X ├─────■─────┤ X ├─────■──────────»
            ┌─┴─┐   └───┘   ┌─┴─┐   └───┘   ┌─┴─┐   └───┘   ┌─┴─┐        »
   q_19: ───┤ X ├─────■─────┤ X ├─────■─────┤ X ├─────■─────┤ X ├────────»
            └───┘   ┌─┴─┐   └───┘   ┌─┴─┐   └───┘   ┌─┴─┐   └───┘        »
   q_20: ─────■─────┤ X ├─────■─────┤ X ├─────■─────┤ X ├─────■──────────»
            ┌─┴─┐   └───┘   ┌─┴─┐   └───┘   ┌─┴─┐   └───┘   ┌─┴─┐        »
   q_21: ───┤ X ├─────■─────┤ X ├─────■─────┤ X ├─────■─────┤ X ├────────»
            └───┘   ┌─┴─┐   └───┘   ┌─┴─┐   └───┘   ┌─┴─┐   └───┘        »
   q_22: ─────■─────┤ X ├─────■─────┤ X ├─────■─────┤ X ├─────■──────────»
            ┌─┴─┐   └───┘   ┌─┴─┐   └───┘   ┌─┴─┐   └───┘   ┌─┴─┐        »
   q_23: ───┤ X ├─────■─────┤ X ├─────■─────┤ X ├─────■─────┤ X ├────────»
            └───┘   ┌─┴─┐   └───┘   ┌─┴─┐   └───┘   ┌─┴─┐   └───┘        »
   q_24: ─────■─────┤ X ├─────■─────┤ X ├─────■─────┤ X ├─────■──────────»
            ┌─┴─┐   └───┘   ┌─┴─┐   └───┘   ┌─┴─┐   └───┘   ┌─┴─┐        »
   q_25: ───┤ X ├─────■─────┤ X ├─────■─────┤ X ├─────■─────┤ X ├────────»
            └───┘   ┌─┴─┐   └───┘   ┌─┴─┐   └───┘   ┌─┴─┐   └───┘        »
   q_26: ─────■─────┤ X ├─────■─────┤ X ├─────■─────┤ X ├─────■──────────»
            ┌─┴─┐   └───┘   ┌─┴─┐   └───┘   ┌─┴─┐   └───┘   ┌─┴─┐        »
   q_27: ───┤ X ├─────■─────┤ X ├─────■─────┤ X ├─────■─────┤ X ├────────»
            └───┘   ┌─┴─┐   └───┘   ┌─┴─┐   └───┘   ┌─┴─┐   └───┘        »
   q_28: ─────■─────┤ X ├─────■─────┤ X ├─────■─────┤ X ├─────■──────────»
            ┌─┴─┐   └───┘   ┌─┴─┐   └───┘   ┌─┴─┐   └───┘   ┌─┴─┐        »
   q_29: ───┤ X ├─────■─────┤ X ├─────■─────┤ X ├─────■─────┤ X ├────────»
            └───┘   ┌─┴─┐   └───┘   ┌─┴─┐   └───┘   ┌─┴─┐   └───┘        »
   q_30: ─────■─────┤ X ├─────■─────┤ X ├─────■─────┤ X ├─────■──────────»
            ┌─┴─┐   └───┘   ┌─┴─┐   └───┘   ┌─┴─┐   └───┘   ┌─┴─┐        »
   q_31: ───┤ X ├─────■─────┤ X ├─────■─────┤ X ├─────■─────┤ X ├────────»
            └───┘   ┌─┴─┐   └───┘   ┌─┴─┐   └───┘   ┌─┴─┐   └───┘        »
   q_32: ─────■─────┤ X ├─────■─────┤ X ├─────■─────┤ X ├─────■──────────»
            ┌─┴─┐   └───┘   ┌─┴─┐   └───┘   ┌─┴─┐   └───┘   ┌─┴─┐        »
   q_33: ───┤ X ├─────■─────┤ X ├─────■─────┤ X ├─────■─────┤ X ├────────»
            └───┘   ┌─┴─┐   └───┘   ┌─┴─┐   └───┘   ┌─┴─┐   └───┘        »
   q_34: ─────■─────┤ X ├─────■─────┤ X ├─────■─────┤ X ├─────■──────────»
            ┌─┴─┐   └───┘   ┌─┴─┐   └───┘   ┌─┴─┐   └───┘   ┌─┴─┐        »
   q_35: ───┤ X ├─────■─────┤ X ├─────■─────┤ X ├─────■─────┤ X ├────────»
            └───┘   ┌─┴─┐   └───┘   ┌─┴─┐   └───┘   ┌─┴─┐   └───┘        »
   q_36: ─────■─────┤ X ├─────■─────┤ X ├─────■─────┤ X ├─────■──────────»
            ┌─┴─┐   └───┘   ┌─┴─┐   └───┘   ┌─┴─┐   └───┘   ┌─┴─┐        »
   q_37: ───┤ X ├─────■─────┤ X ├─────■─────┤ X ├─────■─────┤ X ├────────»
            └───┘   ┌─┴─┐   └───┘   ┌─┴─┐   └───┘   ┌─┴─┐   └───┘        »
   q_38: ─────■─────┤ X ├─────■─────┤ X ├─────■─────┤ X ├─────■──────────»
            ┌─┴─┐   └───┘   ┌─┴─┐   └───┘   ┌─┴─┐   └───┘   ┌─┴─┐        »
   q_39: ───┤ X ├─────■─────┤ X ├─────■─────┤ X ├─────■─────┤ X ├────────»
            └───┘   ┌─┴─┐   └───┘   ┌─┴─┐   └───┘   ┌─┴─┐   └───┘        »
   q_40: ─────■─────┤ X ├─────■─────┤ X ├─────■─────┤ X ├─────■──────────»
            ┌─┴─┐   └───┘   ┌─┴─┐   └───┘   ┌─┴─┐   └───┘   ┌─┴─┐        »
   q_41: ───┤ X ├─────■─────┤ X ├─────■─────┤ X ├─────■─────┤ X ├────────»
            └───┘   ┌─┴─┐   └───┘   ┌─┴─┐   └───┘   ┌─┴─┐   └───┘        »
   q_42: ─────■─────┤ X ├─────■─────┤ X ├─────■─────┤ X ├─────■──────────»
            ┌─┴─┐   └───┘   ┌─┴─┐   └───┘   ┌─┴─┐   └───┘   ┌─┴─┐        »
   q_43: ───┤ X ├─────■─────┤ X ├─────■─────┤ X ├─────■─────┤ X ├────────»
            └───┘   ┌─┴─┐   └───┘   ┌─┴─┐   └───┘   ┌─┴─┐   └───┘        »
   q_44: ─────■─────┤ X ├─────■─────┤ X ├─────■─────┤ X ├─────■──────────»
            ┌─┴─┐   └───┘   ┌─┴─┐   └───┘   ┌─┴─┐   └───┘   ┌─┴─┐        »
   q_45: ───┤ X ├─────■─────┤ X ├─────■─────┤ X ├─────■─────┤ X ├────────»
            └───┘   ┌─┴─┐   └───┘   ┌─┴─┐   └───┘   ┌─┴─┐   └───┘        »
   q_46: ─────■─────┤ X ├─────■─────┤ X ├─────■─────┤ X ├─────■──────────»
            ┌─┴─┐   └───┘   ┌─┴─┐   └───┘   ┌─┴─┐   └───┘   ┌─┴─┐        »
   q_47: ───┤ X ├─────■─────┤ X ├─────■─────┤ X ├─────■─────┤ X ├────────»
            └───┘   ┌─┴─┐   └───┘   ┌─┴─┐   └───┘   ┌─┴─┐   └───┘        »
   q_48: ─────■─────┤ X ├─────■─────┤ X ├─────■─────┤ X ├─────■──────────»
            ┌─┴─┐   └───┘   ┌─┴─┐   └───┘   ┌─┴─┐   └───┘   ┌─┴─┐        »
   q_49: ───┤ X ├─────■─────┤ X ├─────■─────┤ X ├─────■─────┤ X ├────────»
            └───┘   ┌─┴─┐   └───┘   ┌─┴─┐   └───┘   ┌─┴─┐   └───┘        »
   q_50: ─────■─────┤ X ├─────■─────┤ X ├─────■─────┤ X ├─────■──────────»
            ┌─┴─┐   └───┘   ┌─┴─┐   └───┘   ┌─┴─┐   └───┘   ┌─┴─┐        »
   q_51: ───┤ X ├─────■─────┤ X ├─────■─────┤ X ├─────■─────┤ X ├────────»
            └───┘   ┌─┴─┐   └───┘   ┌─┴─┐   └───┘   ┌─┴─┐   └───┘        »
   q_52: ─────■─────┤ X ├─────■─────┤ X ├─────■─────┤ X ├─────■──────────»
            ┌─┴─┐   └───┘   ┌─┴─┐   └───┘   ┌─┴─┐   └───┘   ┌─┴─┐        »
   q_53: ───┤ X ├─────■─────┤ X ├─────■─────┤ X ├─────■─────┤ X ├────────»
            └───┘   ┌─┴─┐   └───┘   ┌─┴─┐   └───┘   ┌─┴─┐   └───┘        »
   q_54: ─────■─────┤ X ├─────■─────┤ X ├─────■─────┤ X ├─────■──────────»
            ┌─┴─┐   └───┘   ┌─┴─┐   └───┘   ┌─┴─┐   └───┘   ┌─┴─┐        »
   q_55: ───┤ X ├─────■─────┤ X ├─────■─────┤ X ├─────■─────┤ X ├────────»
            └───┘   ┌─┴─┐   └───┘   ┌─┴─┐   └───┘   ┌─┴─┐   └───┘        »
   q_56: ─────■─────┤ X ├─────■─────┤ X ├─────■─────┤ X ├─────■──────────»
            ┌─┴─┐   └───┘   ┌─┴─┐   └───┘   ┌─┴─┐   └───┘   ┌─┴─┐        »
   q_57: ───┤ X ├─────■─────┤ X ├─────■─────┤ X ├─────■─────┤ X ├────────»
            └───┘   ┌─┴─┐   └───┘   ┌─┴─┐   └───┘   ┌─┴─┐   └───┘        »
   q_58: ─────■─────┤ X ├─────■─────┤ X ├─────■─────┤ X ├─────■──────────»
            ┌─┴─┐   └───┘   ┌─┴─┐   └───┘   ┌─┴─┐   └───┘   ┌─┴─┐        »
   q_59: ───┤ X ├───────────┤ X ├───────────┤ X ├───────────┤ X ├────────»
            └───┘           └───┘           └───┘           └───┘        »
meas: 60/════════════════════════════════════════════════════════════════»
                                                                         »
«                            ┌───┐   ┌───┐                 ░ ┌─┐               »
«    q_0: ─────────────■─────┤ H ├───┤ H ├─────────────■───░─┤M├───────────────»
«         ┌─────────┐┌─┴─┐┌──┴───┴──┐└───┘┌─────────┐┌─┴─┐ ░ └╥┘┌─┐            »
«    q_1: ┤ Rx(0.5) ├┤ X ├┤ Rx(0.5) ├──■──┤ Rx(0.5) ├┤ X ├─░──╫─┤M├────────────»
«         ├─────────┤└───┘├─────────┤┌─┴─┐├─────────┤└───┘ ░  ║ └╥┘┌─┐         »
«    q_2: ┤ Rz(1.2) ├──■──┤ Rz(1.2) ├┤ X ├┤ Rz(1.2) ├──■───░──╫──╫─┤M├─────────»
«         ├─────────┤┌─┴─┐├─────────┤└───┘├─────────┤┌─┴─┐ ░  ║  ║ └╥┘┌─┐      »
«    q_3: ┤ Ry(0.3) ├┤ X ├┤ Ry(0.3) ├──■──┤ Ry(0.3) ├┤ X ├─░──╫──╫──╫─┤M├──────»
«         ├─────────┤└───┘├─────────┤┌─┴─┐├─────────┤└───┘ ░  ║  ║  ║ └╥┘┌─┐   »
«    q_4: ┤ Rx(0.8) ├──■──┤ Rx(0.8) ├┤ X ├┤ Rx(0.8) ├──■───░──╫──╫──╫──╫─┤M├───»
«         └─────────┘┌─┴─┐└─────────┘└───┘└─────────┘┌─┴─┐ ░  ║  ║  ║  ║ └╥┘┌─┐»
«    q_5: ───────────┤ X ├─────■─────────────────────┤ X ├─░──╫──╫──╫──╫──╫─┤M├»
«                    └───┘   ┌─┴─┐                   └───┘ ░  ║  ║  ║  ║  ║ └╥┘»
«    q_6: ───────────────────┤ X ├─────■───────────────────░──╫──╫──╫──╫──╫──╫─»
«                            └───┘   ┌─┴─┐                 ░  ║  ║  ║  ║  ║  ║ »
«    q_7: ─────■─────────────────────┤ X ├─────────────────░──╫──╫──╫──╫──╫──╫─»
«            ┌─┴─┐                   └───┘                 ░  ║  ║  ║  ║  ║  ║ »
«    q_8: ───┤ X ├─────■───────────────────────────────────░──╫──╫──╫──╫──╫──╫─»
«            └───┘   ┌─┴─┐                                 ░  ║  ║  ║  ║  ║  ║ »
«    q_9: ───────────┤ X ├─────────────────────────────────░──╫──╫──╫──╫──╫──╫─»
«                    └───┘                                 ░  ║  ║  ║  ║  ║  ║ »
«   q_10: ─────────────────────────────────────────────────░──╫──╫──╫──╫──╫──╫─»
«                                                          ░  ║  ║  ║  ║  ║  ║ »
«   q_11: ─────────────────────────────────────────────────░──╫──╫──╫──╫──╫──╫─»
«                                                          ░  ║  ║  ║  ║  ║  ║ »
«   q_12: ─────────────────────────────────────────────────░──╫──╫──╫──╫──╫──╫─»
«                                                          ░  ║  ║  ║  ║  ║  ║ »
«   q_13: ─────────────────────────────────────────────────░──╫──╫──╫──╫──╫──╫─»
«                                                          ░  ║  ║  ║  ║  ║  ║ »
«   q_14: ─────────────────────────────────────────────────░──╫──╫──╫──╫──╫──╫─»
«                                                          ░  ║  ║  ║  ║  ║  ║ »
«   q_15: ─────────────────────────────────────────────────░──╫──╫──╫──╫──╫──╫─»
«                                                          ░  ║  ║  ║  ║  ║  ║ »
«   q_16: ─────────────────────────────────────────────────░──╫──╫──╫──╫──╫──╫─»
«                                                          ░  ║  ║  ║  ║  ║  ║ »
«   q_17: ─────────────────────────────────────────────────░──╫──╫──╫──╫──╫──╫─»
«                                                          ░  ║  ║  ║  ║  ║  ║ »
«   q_18: ─────────────────────────────────────────────────░──╫──╫──╫──╫──╫──╫─»
«                                                          ░  ║  ║  ║  ║  ║  ║ »
«   q_19: ─────────────────────────────────────────────────░──╫──╫──╫──╫──╫──╫─»
«                                                          ░  ║  ║  ║  ║  ║  ║ »
«   q_20: ─────────────────────────────────────────────────░──╫──╫──╫──╫──╫──╫─»
«                                                          ░  ║  ║  ║  ║  ║  ║ »
«   q_21: ─────────────────────────────────────────────────░──╫──╫──╫──╫──╫──╫─»
«                                                          ░  ║  ║  ║  ║  ║  ║ »
«   q_22: ─────────────────────────────────────────────────░──╫──╫──╫──╫──╫──╫─»
«                                                          ░  ║  ║  ║  ║  ║  ║ »
«   q_23: ─────────────────────────────────────────────────░──╫──╫──╫──╫──╫──╫─»
«                                                          ░  ║  ║  ║  ║  ║  ║ »
«   q_24: ─────────────────────────────────────────────────░──╫──╫──╫──╫──╫──╫─»
«                                                          ░  ║  ║  ║  ║  ║  ║ »
«   q_25: ─────────────────────────────────────────────────░──╫──╫──╫──╫──╫──╫─»
«                                                          ░  ║  ║  ║  ║  ║  ║ »
«   q_26: ─────────────────────────────────────────────────░──╫──╫──╫──╫──╫──╫─»
«                                                          ░  ║  ║  ║  ║  ║  ║ »
«   q_27: ─────────────────────────────────────────────────░──╫──╫──╫──╫──╫──╫─»
«                                                          ░  ║  ║  ║  ║  ║  ║ »
«   q_28: ─────────────────────────────────────────────────░──╫──╫──╫──╫──╫──╫─»
«                                                          ░  ║  ║  ║  ║  ║  ║ »
«   q_29: ─────────────────────────────────────────────────░──╫──╫──╫──╫──╫──╫─»
«                                                          ░  ║  ║  ║  ║  ║  ║ »
«   q_30: ─────────────────────────────────────────────────░──╫──╫──╫──╫──╫──╫─»
«                                                          ░  ║  ║  ║  ║  ║  ║ »
«   q_31: ─────────────────────────────────────────────────░──╫──╫──╫──╫──╫──╫─»
«                                                          ░  ║  ║  ║  ║  ║  ║ »
«   q_32: ─────────────────────────────────────────────────░──╫──╫──╫──╫──╫──╫─»
«                                                          ░  ║  ║  ║  ║  ║  ║ »
«   q_33: ─────────────────────────────────────────────────░──╫──╫──╫──╫──╫──╫─»
«                                                          ░  ║  ║  ║  ║  ║  ║ »
«   q_34: ─────────────────────────────────────────────────░──╫──╫──╫──╫──╫──╫─»
«                                                          ░  ║  ║  ║  ║  ║  ║ »
«   q_35: ─────────────────────────────────────────────────░──╫──╫──╫──╫──╫──╫─»
«                                                          ░  ║  ║  ║  ║  ║  ║ »
«   q_36: ─────────────────────────────────────────────────░──╫──╫──╫──╫──╫──╫─»
«                                                          ░  ║  ║  ║  ║  ║  ║ »
«   q_37: ─────────────────────────────────────────────────░──╫──╫──╫──╫──╫──╫─»
«                                                          ░  ║  ║  ║  ║  ║  ║ »
«   q_38: ─────────────────────────────────────────────────░──╫──╫──╫──╫──╫──╫─»
«                                                          ░  ║  ║  ║  ║  ║  ║ »
«   q_39: ─────────────────────────────────────────────────░──╫──╫──╫──╫──╫──╫─»
«                                                          ░  ║  ║  ║  ║  ║  ║ »
«   q_40: ─────────────────────────────────────────────────░──╫──╫──╫──╫──╫──╫─»
«                                                          ░  ║  ║  ║  ║  ║  ║ »
«   q_41: ─────────────────────────────────────────────────░──╫──╫──╫──╫──╫──╫─»
«                                                          ░  ║  ║  ║  ║  ║  ║ »
«   q_42: ─────────────────────────────────────────────────░──╫──╫──╫──╫──╫──╫─»
«                                                          ░  ║  ║  ║  ║  ║  ║ »
«   q_43: ─────────────────────────────────────────────────░──╫──╫──╫──╫──╫──╫─»
«                                                          ░  ║  ║  ║  ║  ║  ║ »
«   q_44: ─────────────────────────────────────────────────░──╫──╫──╫──╫──╫──╫─»
«                                                          ░  ║  ║  ║  ║  ║  ║ »
«   q_45: ─────────────────────────────────────────────────░──╫──╫──╫──╫──╫──╫─»
«                                                          ░  ║  ║  ║  ║  ║  ║ »
«   q_46: ─────────────────────────────────────────────────░──╫──╫──╫──╫──╫──╫─»
«                                                          ░  ║  ║  ║  ║  ║  ║ »
«   q_47: ─────────────────────────────────────────────────░──╫──╫──╫──╫──╫──╫─»
«                                                          ░  ║  ║  ║  ║  ║  ║ »
«   q_48: ─────────────────────────────────────────────────░──╫──╫──╫──╫──╫──╫─»
«                                                          ░  ║  ║  ║  ║  ║  ║ »
«   q_49: ─────────────────────────────────────────────────░──╫──╫──╫──╫──╫──╫─»
«                                                          ░  ║  ║  ║  ║  ║  ║ »
«   q_50: ─────────────────────────────────────────────────░──╫──╫──╫──╫──╫──╫─»
«                                                          ░  ║  ║  ║  ║  ║  ║ »
«   q_51: ─────────────────────────────────────────────────░──╫──╫──╫──╫──╫──╫─»
«                                                          ░  ║  ║  ║  ║  ║  ║ »
«   q_52: ─────────────────────────────────────────────────░──╫──╫──╫──╫──╫──╫─»
«                                                          ░  ║  ║  ║  ║  ║  ║ »
«   q_53: ─────────────────────────────────────────────────░──╫──╫──╫──╫──╫──╫─»
«                                                          ░  ║  ║  ║  ║  ║  ║ »
«   q_54: ─────────────────────────────────────────────────░──╫──╫──╫──╫──╫──╫─»
«                                                          ░  ║  ║  ║  ║  ║  ║ »
«   q_55: ─────────────────────────────────────────────────░──╫──╫──╫──╫──╫──╫─»
«                                                          ░  ║  ║  ║  ║  ║  ║ »
«   q_56: ─────────────────────────────────────────────────░──╫──╫──╫──╫──╫──╫─»
«                                                          ░  ║  ║  ║  ║  ║  ║ »
«   q_57: ─────────────────────────────────────────────────░──╫──╫──╫──╫──╫──╫─»
«                                                          ░  ║  ║  ║  ║  ║  ║ »
«   q_58: ─────────────────────────────────────────────────░──╫──╫──╫──╫──╫──╫─»
«                                                          ░  ║  ║  ║  ║  ║  ║ »
«   q_59: ─────────────────────────────────────────────────░──╫──╫──╫──╫──╫──╫─»
«                                                          ░  ║  ║  ║  ║  ║  ║ »
«meas: 60/════════════════════════════════════════════════════╩══╩══╩══╩══╩══╩═»
«                                                             0  1  2  3  4  5 »
«                                                                              »
«    q_0: ─────────────────────────────────────────────────────────────────────»
«                                                                              »
«    q_1: ─────────────────────────────────────────────────────────────────────»
«                                                                              »
«    q_2: ─────────────────────────────────────────────────────────────────────»
«                                                                              »
«    q_3: ─────────────────────────────────────────────────────────────────────»
«                                                                              »
«    q_4: ─────────────────────────────────────────────────────────────────────»
«                                                                              »
«    q_5: ─────────────────────────────────────────────────────────────────────»
«         ┌─┐                                                                  »
«    q_6: ┤M├──────────────────────────────────────────────────────────────────»
«         └╥┘┌─┐                                                               »
«    q_7: ─╫─┤M├───────────────────────────────────────────────────────────────»
«          ║ └╥┘┌─┐                                                            »
«    q_8: ─╫──╫─┤M├────────────────────────────────────────────────────────────»
«          ║  ║ └╥┘┌─┐                                                         »
«    q_9: ─╫──╫──╫─┤M├─────────────────────────────────────────────────────────»
«          ║  ║  ║ └╥┘┌─┐                                                      »
«   q_10: ─╫──╫──╫──╫─┤M├──────────────────────────────────────────────────────»
«          ║  ║  ║  ║ └╥┘┌─┐                                                   »
«   q_11: ─╫──╫──╫──╫──╫─┤M├───────────────────────────────────────────────────»
«          ║  ║  ║  ║  ║ └╥┘┌─┐                                                »
«   q_12: ─╫──╫──╫──╫──╫──╫─┤M├────────────────────────────────────────────────»
«          ║  ║  ║  ║  ║  ║ └╥┘┌─┐                                             »
«   q_13: ─╫──╫──╫──╫──╫──╫──╫─┤M├─────────────────────────────────────────────»
«          ║  ║  ║  ║  ║  ║  ║ └╥┘┌─┐                                          »
«   q_14: ─╫──╫──╫──╫──╫──╫──╫──╫─┤M├──────────────────────────────────────────»
«          ║  ║  ║  ║  ║  ║  ║  ║ └╥┘┌─┐                                       »
«   q_15: ─╫──╫──╫──╫──╫──╫──╫──╫──╫─┤M├───────────────────────────────────────»
«          ║  ║  ║  ║  ║  ║  ║  ║  ║ └╥┘┌─┐                                    »
«   q_16: ─╫──╫──╫──╫──╫──╫──╫──╫──╫──╫─┤M├────────────────────────────────────»
«          ║  ║  ║  ║  ║  ║  ║  ║  ║  ║ └╥┘┌─┐                                 »
«   q_17: ─╫──╫──╫──╫──╫──╫──╫──╫──╫──╫──╫─┤M├─────────────────────────────────»
«          ║  ║  ║  ║  ║  ║  ║  ║  ║  ║  ║ └╥┘┌─┐                              »
«   q_18: ─╫──╫──╫──╫──╫──╫──╫──╫──╫──╫──╫──╫─┤M├──────────────────────────────»
«          ║  ║  ║  ║  ║  ║  ║  ║  ║  ║  ║  ║ └╥┘┌─┐                           »
«   q_19: ─╫──╫──╫──╫──╫──╫──╫──╫──╫──╫──╫──╫──╫─┤M├───────────────────────────»
«          ║  ║  ║  ║  ║  ║  ║  ║  ║  ║  ║  ║  ║ └╥┘┌─┐                        »
«   q_20: ─╫──╫──╫──╫──╫──╫──╫──╫──╫──╫──╫──╫──╫──╫─┤M├────────────────────────»
«          ║  ║  ║  ║  ║  ║  ║  ║  ║  ║  ║  ║  ║  ║ └╥┘┌─┐                     »
«   q_21: ─╫──╫──╫──╫──╫──╫──╫──╫──╫──╫──╫──╫──╫──╫──╫─┤M├─────────────────────»
«          ║  ║  ║  ║  ║  ║  ║  ║  ║  ║  ║  ║  ║  ║  ║ └╥┘┌─┐                  »
«   q_22: ─╫──╫──╫──╫──╫──╫──╫──╫──╫──╫──╫──╫──╫──╫──╫──╫─┤M├──────────────────»
«          ║  ║  ║  ║  ║  ║  ║  ║  ║  ║  ║  ║  ║  ║  ║  ║ └╥┘┌─┐               »
«   q_23: ─╫──╫──╫──╫──╫──╫──╫──╫──╫──╫──╫──╫──╫──╫──╫──╫──╫─┤M├───────────────»
«          ║  ║  ║  ║  ║  ║  ║  ║  ║  ║  ║  ║  ║  ║  ║  ║  ║ └╥┘┌─┐            »
«   q_24: ─╫──╫──╫──╫──╫──╫──╫──╫──╫──╫──╫──╫──╫──╫──╫──╫──╫──╫─┤M├────────────»
«          ║  ║  ║  ║  ║  ║  ║  ║  ║  ║  ║  ║  ║  ║  ║  ║  ║  ║ └╥┘┌─┐         »
«   q_25: ─╫──╫──╫──╫──╫──╫──╫──╫──╫──╫──╫──╫──╫──╫──╫──╫──╫──╫──╫─┤M├─────────»
«          ║  ║  ║  ║  ║  ║  ║  ║  ║  ║  ║  ║  ║  ║  ║  ║  ║  ║  ║ └╥┘┌─┐      »
«   q_26: ─╫──╫──╫──╫──╫──╫──╫──╫──╫──╫──╫──╫──╫──╫──╫──╫──╫──╫──╫──╫─┤M├──────»
«          ║  ║  ║  ║  ║  ║  ║  ║  ║  ║  ║  ║  ║  ║  ║  ║  ║  ║  ║  ║ └╥┘┌─┐   »
«   q_27: ─╫──╫──╫──╫──╫──╫──╫──╫──╫──╫──╫──╫──╫──╫──╫──╫──╫──╫──╫──╫──╫─┤M├───»
«          ║  ║  ║  ║  ║  ║  ║  ║  ║  ║  ║  ║  ║  ║  ║  ║  ║  ║  ║  ║  ║ └╥┘┌─┐»
«   q_28: ─╫──╫──╫──╫──╫──╫──╫──╫──╫──╫──╫──╫──╫──╫──╫──╫──╫──╫──╫──╫──╫──╫─┤M├»
«          ║  ║  ║  ║  ║  ║  ║  ║  ║  ║  ║  ║  ║  ║  ║  ║  ║  ║  ║  ║  ║  ║ └╥┘»
«   q_29: ─╫──╫──╫──╫──╫──╫──╫──╫──╫──╫──╫──╫──╫──╫──╫──╫──╫──╫──╫──╫──╫──╫──╫─»
«          ║  ║  ║  ║  ║  ║  ║  ║  ║  ║  ║  ║  ║  ║  ║  ║  ║  ║  ║  ║  ║  ║  ║ »
«   q_30: ─╫──╫──╫──╫──╫──╫──╫──╫──╫──╫──╫──╫──╫──╫──╫──╫──╫──╫──╫──╫──╫──╫──╫─»
«          ║  ║  ║  ║  ║  ║  ║  ║  ║  ║  ║  ║  ║  ║  ║  ║  ║  ║  ║  ║  ║  ║  ║ »
«   q_31: ─╫──╫──╫──╫──╫──╫──╫──╫──╫──╫──╫──╫──╫──╫──╫──╫──╫──╫──╫──╫──╫──╫──╫─»
«          ║  ║  ║  ║  ║  ║  ║  ║  ║  ║  ║  ║  ║  ║  ║  ║  ║  ║  ║  ║  ║  ║  ║ »
«   q_32: ─╫──╫──╫──╫──╫──╫──╫──╫──╫──╫──╫──╫──╫──╫──╫──╫──╫──╫──╫──╫──╫──╫──╫─»
«          ║  ║  ║  ║  ║  ║  ║  ║  ║  ║  ║  ║  ║  ║  ║  ║  ║  ║  ║  ║  ║  ║  ║ »
«   q_33: ─╫──╫──╫──╫──╫──╫──╫──╫──╫──╫──╫──╫──╫──╫──╫──╫──╫──╫──╫──╫──╫──╫──╫─»
«          ║  ║  ║  ║  ║  ║  ║  ║  ║  ║  ║  ║  ║  ║  ║  ║  ║  ║  ║  ║  ║  ║  ║ »
«   q_34: ─╫──╫──╫──╫──╫──╫──╫──╫──╫──╫──╫──╫──╫──╫──╫──╫──╫──╫──╫──╫──╫──╫──╫─»
«          ║  ║  ║  ║  ║  ║  ║  ║  ║  ║  ║  ║  ║  ║  ║  ║  ║  ║  ║  ║  ║  ║  ║ »
«   q_35: ─╫──╫──╫──╫──╫──╫──╫──╫──╫──╫──╫──╫──╫──╫──╫──╫──╫──╫──╫──╫──╫──╫──╫─»
«          ║  ║  ║  ║  ║  ║  ║  ║  ║  ║  ║  ║  ║  ║  ║  ║  ║  ║  ║  ║  ║  ║  ║ »
«   q_36: ─╫──╫──╫──╫──╫──╫──╫──╫──╫──╫──╫──╫──╫──╫──╫──╫──╫──╫──╫──╫──╫──╫──╫─»
«          ║  ║  ║  ║  ║  ║  ║  ║  ║  ║  ║  ║  ║  ║  ║  ║  ║  ║  ║  ║  ║  ║  ║ »
«   q_37: ─╫──╫──╫──╫──╫──╫──╫──╫──╫──╫──╫──╫──╫──╫──╫──╫──╫──╫──╫──╫──╫──╫──╫─»
«          ║  ║  ║  ║  ║  ║  ║  ║  ║  ║  ║  ║  ║  ║  ║  ║  ║  ║  ║  ║  ║  ║  ║ »
«   q_38: ─╫──╫──╫──╫──╫──╫──╫──╫──╫──╫──╫──╫──╫──╫──╫──╫──╫──╫──╫──╫──╫──╫──╫─»
«          ║  ║  ║  ║  ║  ║  ║  ║  ║  ║  ║  ║  ║  ║  ║  ║  ║  ║  ║  ║  ║  ║  ║ »
«   q_39: ─╫──╫──╫──╫──╫──╫──╫──╫──╫──╫──╫──╫──╫──╫──╫──╫──╫──╫──╫──╫──╫──╫──╫─»
«          ║  ║  ║  ║  ║  ║  ║  ║  ║  ║  ║  ║  ║  ║  ║  ║  ║  ║  ║  ║  ║  ║  ║ »
«   q_40: ─╫──╫──╫──╫──╫──╫──╫──╫──╫──╫──╫──╫──╫──╫──╫──╫──╫──╫──╫──╫──╫──╫──╫─»
«          ║  ║  ║  ║  ║  ║  ║  ║  ║  ║  ║  ║  ║  ║  ║  ║  ║  ║  ║  ║  ║  ║  ║ »
«   q_41: ─╫──╫──╫──╫──╫──╫──╫──╫──╫──╫──╫──╫──╫──╫──╫──╫──╫──╫──╫──╫──╫──╫──╫─»
«          ║  ║  ║  ║  ║  ║  ║  ║  ║  ║  ║  ║  ║  ║  ║  ║  ║  ║  ║  ║  ║  ║  ║ »
«   q_42: ─╫──╫──╫──╫──╫──╫──╫──╫──╫──╫──╫──╫──╫──╫──╫──╫──╫──╫──╫──╫──╫──╫──╫─»
«          ║  ║  ║  ║  ║  ║  ║  ║  ║  ║  ║  ║  ║  ║  ║  ║  ║  ║  ║  ║  ║  ║  ║ »
«   q_43: ─╫──╫──╫──╫──╫──╫──╫──╫──╫──╫──╫──╫──╫──╫──╫──╫──╫──╫──╫──╫──╫──╫──╫─»
«          ║  ║  ║  ║  ║  ║  ║  ║  ║  ║  ║  ║  ║  ║  ║  ║  ║  ║  ║  ║  ║  ║  ║ »
«   q_44: ─╫──╫──╫──╫──╫──╫──╫──╫──╫──╫──╫──╫──╫──╫──╫──╫──╫──╫──╫──╫──╫──╫──╫─»
«          ║  ║  ║  ║  ║  ║  ║  ║  ║  ║  ║  ║  ║  ║  ║  ║  ║  ║  ║  ║  ║  ║  ║ »
«   q_45: ─╫──╫──╫──╫──╫──╫──╫──╫──╫──╫──╫──╫──╫──╫──╫──╫──╫──╫──╫──╫──╫──╫──╫─»
«          ║  ║  ║  ║  ║  ║  ║  ║  ║  ║  ║  ║  ║  ║  ║  ║  ║  ║  ║  ║  ║  ║  ║ »
«   q_46: ─╫──╫──╫──╫──╫──╫──╫──╫──╫──╫──╫──╫──╫──╫──╫──╫──╫──╫──╫──╫──╫──╫──╫─»
«          ║  ║  ║  ║  ║  ║  ║  ║  ║  ║  ║  ║  ║  ║  ║  ║  ║  ║  ║  ║  ║  ║  ║ »
«   q_47: ─╫──╫──╫──╫──╫──╫──╫──╫──╫──╫──╫──╫──╫──╫──╫──╫──╫──╫──╫──╫──╫──╫──╫─»
«          ║  ║  ║  ║  ║  ║  ║  ║  ║  ║  ║  ║  ║  ║  ║  ║  ║  ║  ║  ║  ║  ║  ║ »
«   q_48: ─╫──╫──╫──╫──╫──╫──╫──╫──╫──╫──╫──╫──╫──╫──╫──╫──╫──╫──╫──╫──╫──╫──╫─»
«          ║  ║  ║  ║  ║  ║  ║  ║  ║  ║  ║  ║  ║  ║  ║  ║  ║  ║  ║  ║  ║  ║  ║ »
«   q_49: ─╫──╫──╫──╫──╫──╫──╫──╫──╫──╫──╫──╫──╫──╫──╫──╫──╫──╫──╫──╫──╫──╫──╫─»
«          ║  ║  ║  ║  ║  ║  ║  ║  ║  ║  ║  ║  ║  ║  ║  ║  ║  ║  ║  ║  ║  ║  ║ »
«   q_50: ─╫──╫──╫──╫──╫──╫──╫──╫──╫──╫──╫──╫──╫──╫──╫──╫──╫──╫──╫──╫──╫──╫──╫─»
«          ║  ║  ║  ║  ║  ║  ║  ║  ║  ║  ║  ║  ║  ║  ║  ║  ║  ║  ║  ║  ║  ║  ║ »
«   q_51: ─╫──╫──╫──╫──╫──╫──╫──╫──╫──╫──╫──╫──╫──╫──╫──╫──╫──╫──╫──╫──╫──╫──╫─»
«          ║  ║  ║  ║  ║  ║  ║  ║  ║  ║  ║  ║  ║  ║  ║  ║  ║  ║  ║  ║  ║  ║  ║ »
«   q_52: ─╫──╫──╫──╫──╫──╫──╫──╫──╫──╫──╫──╫──╫──╫──╫──╫──╫──╫──╫──╫──╫──╫──╫─»
«          ║  ║  ║  ║  ║  ║  ║  ║  ║  ║  ║  ║  ║  ║  ║  ║  ║  ║  ║  ║  ║  ║  ║ »
«   q_53: ─╫──╫──╫──╫──╫──╫──╫──╫──╫──╫──╫──╫──╫──╫──╫──╫──╫──╫──╫──╫──╫──╫──╫─»
«          ║  ║  ║  ║  ║  ║  ║  ║  ║  ║  ║  ║  ║  ║  ║  ║  ║  ║  ║  ║  ║  ║  ║ »
«   q_54: ─╫──╫──╫──╫──╫──╫──╫──╫──╫──╫──╫──╫──╫──╫──╫──╫──╫──╫──╫──╫──╫──╫──╫─»
«          ║  ║  ║  ║  ║  ║  ║  ║  ║  ║  ║  ║  ║  ║  ║  ║  ║  ║  ║  ║  ║  ║  ║ »
«   q_55: ─╫──╫──╫──╫──╫──╫──╫──╫──╫──╫──╫──╫──╫──╫──╫──╫──╫──╫──╫──╫──╫──╫──╫─»
«          ║  ║  ║  ║  ║  ║  ║  ║  ║  ║  ║  ║  ║  ║  ║  ║  ║  ║  ║  ║  ║  ║  ║ »
«   q_56: ─╫──╫──╫──╫──╫──╫──╫──╫──╫──╫──╫──╫──╫──╫──╫──╫──╫──╫──╫──╫──╫──╫──╫─»
«          ║  ║  ║  ║  ║  ║  ║  ║  ║  ║  ║  ║  ║  ║  ║  ║  ║  ║  ║  ║  ║  ║  ║ »
«   q_57: ─╫──╫──╫──╫──╫──╫──╫──╫──╫──╫──╫──╫──╫──╫──╫──╫──╫──╫──╫──╫──╫──╫──╫─»
«          ║  ║  ║  ║  ║  ║  ║  ║  ║  ║  ║  ║  ║  ║  ║  ║  ║  ║  ║  ║  ║  ║  ║ »
«   q_58: ─╫──╫──╫──╫──╫──╫──╫──╫──╫──╫──╫──╫──╫──╫──╫──╫──╫──╫──╫──╫──╫──╫──╫─»
«          ║  ║  ║  ║  ║  ║  ║  ║  ║  ║  ║  ║  ║  ║  ║  ║  ║  ║  ║  ║  ║  ║  ║ »
«   q_59: ─╫──╫──╫──╫──╫──╫──╫──╫──╫──╫──╫──╫──╫──╫──╫──╫──╫──╫──╫──╫──╫──╫──╫─»
«          ║  ║  ║  ║  ║  ║  ║  ║  ║  ║  ║  ║  ║  ║  ║  ║  ║  ║  ║  ║  ║  ║  ║ »
«meas: 60/═╩══╩══╩══╩══╩══╩══╩══╩══╩══╩══╩══╩══╩══╩══╩══╩══╩══╩══╩══╩══╩══╩══╩═»
«          6  7  8  9  10 11 12 13 14 15 16 17 18 19 20 21 22 23 24 25 26 27 28»
«                                                                              »
«    q_0: ─────────────────────────────────────────────────────────────────────»
«                                                                              »
«    q_1: ─────────────────────────────────────────────────────────────────────»
«                                                                              »
«    q_2: ─────────────────────────────────────────────────────────────────────»
«                                                                              »
«    q_3: ─────────────────────────────────────────────────────────────────────»
«                                                                              »
«    q_4: ─────────────────────────────────────────────────────────────────────»
«                                                                              »
«    q_5: ─────────────────────────────────────────────────────────────────────»
«                                                                              »
«    q_6: ─────────────────────────────────────────────────────────────────────»
«                                                                              »
«    q_7: ─────────────────────────────────────────────────────────────────────»
«                                                                              »
«    q_8: ─────────────────────────────────────────────────────────────────────»
«                                                                              »
«    q_9: ─────────────────────────────────────────────────────────────────────»
«                                                                              »
«   q_10: ─────────────────────────────────────────────────────────────────────»
«                                                                              »
«   q_11: ─────────────────────────────────────────────────────────────────────»
«                                                                              »
«   q_12: ─────────────────────────────────────────────────────────────────────»
«                                                                              »
«   q_13: ─────────────────────────────────────────────────────────────────────»
«                                                                              »
«   q_14: ─────────────────────────────────────────────────────────────────────»
«                                                                              »
«   q_15: ─────────────────────────────────────────────────────────────────────»
«                                                                              »
«   q_16: ─────────────────────────────────────────────────────────────────────»
«                                                                              »
«   q_17: ─────────────────────────────────────────────────────────────────────»
«                                                                              »
«   q_18: ─────────────────────────────────────────────────────────────────────»
«                                                                              »
«   q_19: ─────────────────────────────────────────────────────────────────────»
«                                                                              »
«   q_20: ─────────────────────────────────────────────────────────────────────»
«                                                                              »
«   q_21: ─────────────────────────────────────────────────────────────────────»
«                                                                              »
«   q_22: ─────────────────────────────────────────────────────────────────────»
«                                                                              »
«   q_23: ─────────────────────────────────────────────────────────────────────»
«                                                                              »
«   q_24: ─────────────────────────────────────────────────────────────────────»
«                                                                              »
«   q_25: ─────────────────────────────────────────────────────────────────────»
«                                                                              »
«   q_26: ─────────────────────────────────────────────────────────────────────»
«                                                                              »
«   q_27: ─────────────────────────────────────────────────────────────────────»
«                                                                              »
«   q_28: ─────────────────────────────────────────────────────────────────────»
«         ┌─┐                                                                  »
«   q_29: ┤M├──────────────────────────────────────────────────────────────────»
«         └╥┘┌─┐                                                               »
«   q_30: ─╫─┤M├───────────────────────────────────────────────────────────────»
«          ║ └╥┘┌─┐                                                            »
«   q_31: ─╫──╫─┤M├────────────────────────────────────────────────────────────»
«          ║  ║ └╥┘┌─┐                                                         »
«   q_32: ─╫──╫──╫─┤M├─────────────────────────────────────────────────────────»
«          ║  ║  ║ └╥┘┌─┐                                                      »
«   q_33: ─╫──╫──╫──╫─┤M├──────────────────────────────────────────────────────»
«          ║  ║  ║  ║ └╥┘┌─┐                                                   »
«   q_34: ─╫──╫──╫──╫──╫─┤M├───────────────────────────────────────────────────»
«          ║  ║  ║  ║  ║ └╥┘┌─┐                                                »
«   q_35: ─╫──╫──╫──╫──╫──╫─┤M├────────────────────────────────────────────────»
«          ║  ║  ║  ║  ║  ║ └╥┘┌─┐                                             »
«   q_36: ─╫──╫──╫──╫──╫──╫──╫─┤M├─────────────────────────────────────────────»
«          ║  ║  ║  ║  ║  ║  ║ └╥┘┌─┐                                          »
«   q_37: ─╫──╫──╫──╫──╫──╫──╫──╫─┤M├──────────────────────────────────────────»
«          ║  ║  ║  ║  ║  ║  ║  ║ └╥┘┌─┐                                       »
«   q_38: ─╫──╫──╫──╫──╫──╫──╫──╫──╫─┤M├───────────────────────────────────────»
«          ║  ║  ║  ║  ║  ║  ║  ║  ║ └╥┘┌─┐                                    »
«   q_39: ─╫──╫──╫──╫──╫──╫──╫──╫──╫──╫─┤M├────────────────────────────────────»
«          ║  ║  ║  ║  ║  ║  ║  ║  ║  ║ └╥┘┌─┐                                 »
«   q_40: ─╫──╫──╫──╫──╫──╫──╫──╫──╫──╫──╫─┤M├─────────────────────────────────»
«          ║  ║  ║  ║  ║  ║  ║  ║  ║  ║  ║ └╥┘┌─┐                              »
«   q_41: ─╫──╫──╫──╫──╫──╫──╫──╫──╫──╫──╫──╫─┤M├──────────────────────────────»
«          ║  ║  ║  ║  ║  ║  ║  ║  ║  ║  ║  ║ └╥┘┌─┐                           »
«   q_42: ─╫──╫──╫──╫──╫──╫──╫──╫──╫──╫──╫──╫──╫─┤M├───────────────────────────»
«          ║  ║  ║  ║  ║  ║  ║  ║  ║  ║  ║  ║  ║ └╥┘┌─┐                        »
«   q_43: ─╫──╫──╫──╫──╫──╫──╫──╫──╫──╫──╫──╫──╫──╫─┤M├────────────────────────»
«          ║  ║  ║  ║  ║  ║  ║  ║  ║  ║  ║  ║  ║  ║ └╥┘┌─┐                     »
«   q_44: ─╫──╫──╫──╫──╫──╫──╫──╫──╫──╫──╫──╫──╫──╫──╫─┤M├─────────────────────»
«          ║  ║  ║  ║  ║  ║  ║  ║  ║  ║  ║  ║  ║  ║  ║ └╥┘┌─┐                  »
«   q_45: ─╫──╫──╫──╫──╫──╫──╫──╫──╫──╫──╫──╫──╫──╫──╫──╫─┤M├──────────────────»
«          ║  ║  ║  ║  ║  ║  ║  ║  ║  ║  ║  ║  ║  ║  ║  ║ └╥┘┌─┐               »
«   q_46: ─╫──╫──╫──╫──╫──╫──╫──╫──╫──╫──╫──╫──╫──╫──╫──╫──╫─┤M├───────────────»
«          ║  ║  ║  ║  ║  ║  ║  ║  ║  ║  ║  ║  ║  ║  ║  ║  ║ └╥┘┌─┐            »
«   q_47: ─╫──╫──╫──╫──╫──╫──╫──╫──╫──╫──╫──╫──╫──╫──╫──╫──╫──╫─┤M├────────────»
«          ║  ║  ║  ║  ║  ║  ║  ║  ║  ║  ║  ║  ║  ║  ║  ║  ║  ║ └╥┘┌─┐         »
«   q_48: ─╫──╫──╫──╫──╫──╫──╫──╫──╫──╫──╫──╫──╫──╫──╫──╫──╫──╫──╫─┤M├─────────»
«          ║  ║  ║  ║  ║  ║  ║  ║  ║  ║  ║  ║  ║  ║  ║  ║  ║  ║  ║ └╥┘┌─┐      »
«   q_49: ─╫──╫──╫──╫──╫──╫──╫──╫──╫──╫──╫──╫──╫──╫──╫──╫──╫──╫──╫──╫─┤M├──────»
«          ║  ║  ║  ║  ║  ║  ║  ║  ║  ║  ║  ║  ║  ║  ║  ║  ║  ║  ║  ║ └╥┘┌─┐   »
«   q_50: ─╫──╫──╫──╫──╫──╫──╫──╫──╫──╫──╫──╫──╫──╫──╫──╫──╫──╫──╫──╫──╫─┤M├───»
«          ║  ║  ║  ║  ║  ║  ║  ║  ║  ║  ║  ║  ║  ║  ║  ║  ║  ║  ║  ║  ║ └╥┘┌─┐»
«   q_51: ─╫──╫──╫──╫──╫──╫──╫──╫──╫──╫──╫──╫──╫──╫──╫──╫──╫──╫──╫──╫──╫──╫─┤M├»
«          ║  ║  ║  ║  ║  ║  ║  ║  ║  ║  ║  ║  ║  ║  ║  ║  ║  ║  ║  ║  ║  ║ └╥┘»
«   q_52: ─╫──╫──╫──╫──╫──╫──╫──╫──╫──╫──╫──╫──╫──╫──╫──╫──╫──╫──╫──╫──╫──╫──╫─»
«          ║  ║  ║  ║  ║  ║  ║  ║  ║  ║  ║  ║  ║  ║  ║  ║  ║  ║  ║  ║  ║  ║  ║ »
«   q_53: ─╫──╫──╫──╫──╫──╫──╫──╫──╫──╫──╫──╫──╫──╫──╫──╫──╫──╫──╫──╫──╫──╫──╫─»
«          ║  ║  ║  ║  ║  ║  ║  ║  ║  ║  ║  ║  ║  ║  ║  ║  ║  ║  ║  ║  ║  ║  ║ »
«   q_54: ─╫──╫──╫──╫──╫──╫──╫──╫──╫──╫──╫──╫──╫──╫──╫──╫──╫──╫──╫──╫──╫──╫──╫─»
«          ║  ║  ║  ║  ║  ║  ║  ║  ║  ║  ║  ║  ║  ║  ║  ║  ║  ║  ║  ║  ║  ║  ║ »
«   q_55: ─╫──╫──╫──╫──╫──╫──╫──╫──╫──╫──╫──╫──╫──╫──╫──╫──╫──╫──╫──╫──╫──╫──╫─»
«          ║  ║  ║  ║  ║  ║  ║  ║  ║  ║  ║  ║  ║  ║  ║  ║  ║  ║  ║  ║  ║  ║  ║ »
«   q_56: ─╫──╫──╫──╫──╫──╫──╫──╫──╫──╫──╫──╫──╫──╫──╫──╫──╫──╫──╫──╫──╫──╫──╫─»
«          ║  ║  ║  ║  ║  ║  ║  ║  ║  ║  ║  ║  ║  ║  ║  ║  ║  ║  ║  ║  ║  ║  ║ »
«   q_57: ─╫──╫──╫──╫──╫──╫──╫──╫──╫──╫──╫──╫──╫──╫──╫──╫──╫──╫──╫──╫──╫──╫──╫─»
«          ║  ║  ║  ║  ║  ║  ║  ║  ║  ║  ║  ║  ║  ║  ║  ║  ║  ║  ║  ║  ║  ║  ║ »
«   q_58: ─╫──╫──╫──╫──╫──╫──╫──╫──╫──╫──╫──╫──╫──╫──╫──╫──╫──╫──╫──╫──╫──╫──╫─»
«          ║  ║  ║  ║  ║  ║  ║  ║  ║  ║  ║  ║  ║  ║  ║  ║  ║  ║  ║  ║  ║  ║  ║ »
«   q_59: ─╫──╫──╫──╫──╫──╫──╫──╫──╫──╫──╫──╫──╫──╫──╫──╫──╫──╫──╫──╫──╫──╫──╫─»
«          ║  ║  ║  ║  ║  ║  ║  ║  ║  ║  ║  ║  ║  ║  ║  ║  ║  ║  ║  ║  ║  ║  ║ »
«meas: 60/═╩══╩══╩══╩══╩══╩══╩══╩══╩══╩══╩══╩══╩══╩══╩══╩══╩══╩══╩══╩══╩══╩══╩═»
«          29 30 31 32 33 34 35 36 37 38 39 40 41 42 43 44 45 46 47 48 49 50 51»
«                                 
«    q_0: ────────────────────────
«                                 
«    q_1: ────────────────────────
«                                 
«    q_2: ────────────────────────
«                                 
«    q_3: ────────────────────────
«                                 
«    q_4: ────────────────────────
«                                 
«    q_5: ────────────────────────
«                                 
«    q_6: ────────────────────────
«                                 
«    q_7: ────────────────────────
«                                 
«    q_8: ────────────────────────
«                                 
«    q_9: ────────────────────────
«                                 
«   q_10: ────────────────────────
«                                 
«   q_11: ────────────────────────
«                                 
«   q_12: ────────────────────────
«                                 
«   q_13: ────────────────────────
«                                 
«   q_14: ────────────────────────
«                                 
«   q_15: ────────────────────────
«                                 
«   q_16: ────────────────────────
«                                 
«   q_17: ────────────────────────
«                                 
«   q_18: ────────────────────────
«                                 
«   q_19: ────────────────────────
«                                 
«   q_20: ────────────────────────
«                                 
«   q_21: ────────────────────────
«                                 
«   q_22: ────────────────────────
«                                 
«   q_23: ────────────────────────
«                                 
«   q_24: ────────────────────────
«                                 
«   q_25: ────────────────────────
«                                 
«   q_26: ────────────────────────
«                                 
«   q_27: ────────────────────────
«                                 
«   q_28: ────────────────────────
«                                 
«   q_29: ────────────────────────
«                                 
«   q_30: ────────────────────────
«                                 
«   q_31: ────────────────────────
«                                 
«   q_32: ────────────────────────
«                                 
«   q_33: ────────────────────────
«                                 
«   q_34: ────────────────────────
«                                 
«   q_35: ────────────────────────
«                                 
«   q_36: ────────────────────────
«                                 
«   q_37: ────────────────────────
«                                 
«   q_38: ────────────────────────
«                                 
«   q_39: ────────────────────────
«                                 
«   q_40: ────────────────────────
«                                 
«   q_41: ────────────────────────
«                                 
«   q_42: ────────────────────────
«                                 
«   q_43: ────────────────────────
«                                 
«   q_44: ────────────────────────
«                                 
«   q_45: ────────────────────────
«                                 
«   q_46: ────────────────────────
«                                 
«   q_47: ────────────────────────
«                                 
«   q_48: ────────────────────────
«                                 
«   q_49: ────────────────────────
«                                 
«   q_50: ────────────────────────
«                                 
«   q_51: ────────────────────────
«         ┌─┐                     
«   q_52: ┤M├─────────────────────
«         └╥┘┌─┐                  
«   q_53: ─╫─┤M├──────────────────
«          ║ └╥┘┌─┐               
«   q_54: ─╫──╫─┤M├───────────────
«          ║  ║ └╥┘┌─┐            
«   q_55: ─╫──╫──╫─┤M├────────────
«          ║  ║  ║ └╥┘┌─┐         
«   q_56: ─╫──╫──╫──╫─┤M├─────────
«          ║  ║  ║  ║ └╥┘┌─┐      
«   q_57: ─╫──╫──╫──╫──╫─┤M├──────
«          ║  ║  ║  ║  ║ └╥┘┌─┐   
«   q_58: ─╫──╫──╫──╫──╫──╫─┤M├───
«          ║  ║  ║  ║  ║  ║ └╥┘┌─┐
«   q_59: ─╫──╫──╫──╫──╫──╫──╫─┤M├
«          ║  ║  ║  ║  ║  ║  ║ └╥┘
«meas: 60/═╩══╩══╩══╩══╩══╩══╩══╩═
«          52 53 54 55 56 57 58 59
Traceback (most recent call last):
  File "/work/ccresearch/gharrabi/expr/exp5/exprz/sixty-bw3.py", line 76, in <module>
    counts = run_qiskit_simulation(qc)
  File "/work/ccresearch/gharrabi/expr/exp5/exprz/sixty-bw3.py", line 53, in run_qiskit_simulation
    provider = IBMProvider()  # Ensure proper initialization with credentials
  File "/home/gharrabi/.local/lib/python3.10/site-packages/qiskit_ibm_provider/ibm_provider.py", line 162, in __init__
    self._account = self._discover_account(
  File "/home/gharrabi/.local/lib/python3.10/site-packages/qiskit_ibm_provider/ibm_provider.py", line 221, in _discover_account
    account = AccountManager.get(channel="ibm_quantum")
  File "/home/gharrabi/.local/lib/python3.10/site-packages/qiskit_ibm_provider/accounts/management.py", line 151, in get
    raise AccountNotFoundError(f"No default {channel} account saved.")
qiskit_ibm_provider.accounts.exceptions.AccountNotFoundError: 'No default ibm_quantum account saved.'
