Defaulting to user installation because normal site-packages is not writeable
Collecting qiskit-aer-gpu
  Downloading qiskit_aer_gpu-0.14.2-cp310-cp310-manylinux_2_17_x86_64.manylinux2014_x86_64.whl (18.8 MB)
     ━━━━━━━━━━━━━━━━━━━━━━━━━━━━━━━━━━━━━━━━ 18.8/18.8 MB 71.7 MB/s eta 0:00:00
Collecting nvidia-cusolver-cu12>=11.4.5.107
  Using cached nvidia_cusolver_cu12-11.6.2.40-py3-none-manylinux2014_x86_64.whl (130.3 MB)
Collecting scipy>=1.0
  Downloading scipy-1.13.1-cp310-cp310-manylinux_2_17_x86_64.manylinux2014_x86_64.whl (38.6 MB)
     ━━━━━━━━━━━━━━━━━━━━━━━━━━━━━━━━━━━━━━━━ 38.6/38.6 MB 50.7 MB/s eta 0:00:00
Requirement already satisfied: numpy>=1.16.3 in /home/gharrabi/.local/lib/python3.10/site-packages (from qiskit-aer-gpu) (1.26.4)
Collecting nvidia-nvjitlink-cu12
  Using cached nvidia_nvjitlink_cu12-12.5.40-py3-none-manylinux2014_x86_64.whl (21.3 MB)
Collecting nvidia-cusparse-cu12>=12.1.0.106
  Using cached nvidia_cusparse_cu12-12.4.1.24-py3-none-manylinux2014_x86_64.whl (209.2 MB)
Collecting nvidia-cublas-cu12>=12.1.3.1
  Using cached nvidia_cublas_cu12-12.5.2.13-py3-none-manylinux2014_x86_64.whl (363.3 MB)
Collecting cuquantum-cu12>=23.3.0
  Using cached cuquantum_cu12-24.3.0.post1-py3-none-manylinux2014_x86_64.whl (7.5 kB)
Collecting psutil>=5
  Downloading psutil-5.9.8-cp36-abi3-manylinux_2_12_x86_64.manylinux2010_x86_64.manylinux_2_17_x86_64.manylinux2014_x86_64.whl (288 kB)
     ━━━━━━━━━━━━━━━━━━━━━━━━━━━━━━━━━━━━━━ 288.2/288.2 kB 37.9 MB/s eta 0:00:00
Collecting qiskit>=0.45.2
  Using cached qiskit-1.1.0-cp38-abi3-manylinux_2_17_x86_64.manylinux2014_x86_64.whl (4.3 MB)
Collecting nvidia-cuda-runtime-cu12>=12.1.105
  Using cached nvidia_cuda_runtime_cu12-12.5.39-py3-none-manylinux2014_x86_64.whl (895 kB)
Collecting custatevec-cu12==1.6.0.post1
  Using cached custatevec_cu12-1.6.0.post1-py3-none-manylinux2014_x86_64.whl (38.7 MB)
Collecting cutensornet-cu12==2.4.0.post1
  Using cached cutensornet_cu12-2.4.0.post1-py3-none-manylinux2014_x86_64.whl (2.2 MB)
Collecting cutensor-cu12<3,>=2.0.1
  Using cached cutensor_cu12-2.0.1-py3-none-manylinux2014_x86_64.whl (152.0 MB)
Collecting typing-extensions
  Downloading typing_extensions-4.12.2-py3-none-any.whl (37 kB)
Collecting symengine>=0.11
  Downloading symengine-0.11.0-cp310-cp310-manylinux_2_12_x86_64.manylinux2010_x86_64.whl (39.4 MB)
     ━━━━━━━━━━━━━━━━━━━━━━━━━━━━━━━━━━━━━━━━ 39.4/39.4 MB 32.3 MB/s eta 0:00:00
Requirement already satisfied: python-dateutil>=2.8.0 in /home/gharrabi/.local/lib/python3.10/site-packages (from qiskit>=0.45.2->qiskit-aer-gpu) (2.9.0.post0)
Collecting rustworkx>=0.14.0
  Downloading rustworkx-0.14.2-cp310-cp310-manylinux_2_17_x86_64.manylinux2014_x86_64.whl (2.1 MB)
     ━━━━━━━━━━━━━━━━━━━━━━━━━━━━━━━━━━━━━━━━ 2.1/2.1 MB 47.0 MB/s eta 0:00:00
Collecting stevedore>=3.0.0
  Using cached stevedore-5.2.0-py3-none-any.whl (49 kB)
Collecting sympy>=1.3
  Downloading sympy-1.12.1-py3-none-any.whl (5.7 MB)
     ━━━━━━━━━━━━━━━━━━━━━━━━━━━━━━━━━━━━━━━━ 5.7/5.7 MB 42.3 MB/s eta 0:00:00
Collecting dill>=0.3
  Using cached dill-0.3.8-py3-none-any.whl (116 kB)
Requirement already satisfied: six>=1.5 in /home/gharrabi/.local/lib/python3.10/site-packages (from python-dateutil>=2.8.0->qiskit>=0.45.2->qiskit-aer-gpu) (1.16.0)
Collecting pbr!=2.1.0,>=2.0.0
  Using cached pbr-6.0.0-py2.py3-none-any.whl (107 kB)
Collecting mpmath<1.4.0,>=1.1.0
  Using cached mpmath-1.3.0-py3-none-any.whl (536 kB)
Installing collected packages: mpmath, cutensor-cu12, custatevec-cu12, typing-extensions, sympy, symengine, scipy, rustworkx, psutil, pbr, nvidia-nvjitlink-cu12, nvidia-cuda-runtime-cu12, nvidia-cublas-cu12, dill, cutensornet-cu12, stevedore, nvidia-cusparse-cu12, cuquantum-cu12, qiskit, nvidia-cusolver-cu12, qiskit-aer-gpu
Successfully installed cuquantum-cu12-24.3.0.post1 custatevec-cu12-1.6.0.post1 cutensor-cu12-2.0.1 cutensornet-cu12-2.4.0.post1 dill-0.3.8 mpmath-1.3.0 nvidia-cublas-cu12-12.5.2.13 nvidia-cuda-runtime-cu12-12.5.39 nvidia-cusolver-cu12-11.6.2.40 nvidia-cusparse-cu12-12.4.1.24 nvidia-nvjitlink-cu12-12.5.40 pbr-6.0.0 psutil-5.9.8 qiskit-1.1.0 qiskit-aer-gpu-0.14.2 rustworkx-0.14.2 scipy-1.13.1 stevedore-5.2.0 symengine-0.11.0 sympy-1.12.1 typing-extensions-4.12.2
{'111111111111111111111111111111': 517, '000000000000000000000000000000': 507}
backend: aer_simulator_statevector
